Arguments: 
  /Users/yanuo.zhang/.nvm/versions/node/v12.20.1/bin/node /usr/local/Cellar/yarn/1.22.10/libexec/bin/yarn.js add graphql-tools

PATH: 
  /Users/yanuo.zhang/.nvm/versions/node/v12.20.1/bin:/usr/local/bin:/usr/bin:/bin:/usr/sbin:/sbin:/Users/yanuo.zhang/.nvm/versions/node/v12.20.1/bin

Yarn version: 
  1.22.10

Node version: 
  12.20.1

Platform: 
  darwin x64

Trace: 
  Error: http://rea-sonatype-nexus.services.delivery.realestate.com.au/nexus/content/repositories/rea-npm-all/graphql-tools: ETIMEDOUT
      at Timeout._onTimeout (/usr/local/Cellar/yarn/1.22.10/libexec/lib/cli.js:141409:19)
      at listOnTimeout (internal/timers.js:554:17)
      at processTimers (internal/timers.js:497:7)

npm manifest: 
  {
    "name": "server",
    "version": "0.0.0",
    "private": true,
    "scripts": {
      "start": "node ./bin/www"
    },
    "dependencies": {
      "apollo-server-express": "^2.19.2",
      "cookie-parser": "~1.4.4",
      "cors": "^2.8.5",
      "debug": "~2.6.9",
      "express": "~4.16.1",
      "graphql": "^15.5.0",
      "http-errors": "~1.6.3",
      "morgan": "~1.9.1",
      "pug": "2.0.0-beta11"
    }
  }

yarn manifest: 
  No manifest

Lockfile: 
  # THIS IS AN AUTOGENERATED FILE. DO NOT EDIT THIS FILE DIRECTLY.
  # yarn lockfile v1
  
  
  "@apollo/protobufjs@^1.0.3":
    version "1.0.5"
    resolved "http://rea-sonatype-nexus.services.delivery.realestate.com.au/nexus/repository/rea-npm-all/@apollo/protobufjs/-/protobufjs-1.0.5.tgz#a78b726147efc0795e74c8cb8a11aafc6e02f773"
    integrity sha512-ZtyaBH1icCgqwIGb3zrtopV2D5Q8yxibkJzlaViM08eOhTQc7rACdYu0pfORFfhllvdMZ3aq69vifYHszY4gNA==
    dependencies:
      "@protobufjs/aspromise" "^1.1.2"
      "@protobufjs/base64" "^1.1.2"
      "@protobufjs/codegen" "^2.0.4"
      "@protobufjs/eventemitter" "^1.1.0"
      "@protobufjs/fetch" "^1.1.0"
      "@protobufjs/float" "^1.0.2"
      "@protobufjs/inquire" "^1.1.0"
      "@protobufjs/path" "^1.1.2"
      "@protobufjs/pool" "^1.1.0"
      "@protobufjs/utf8" "^1.1.0"
      "@types/long" "^4.0.0"
      "@types/node" "^10.1.0"
      long "^4.0.0"
  
  "@apollographql/apollo-tools@^0.4.3":
    version "0.4.8"
    resolved "http://rea-sonatype-nexus.services.delivery.realestate.com.au/nexus/repository/rea-npm-all/@apollographql/apollo-tools/-/apollo-tools-0.4.8.tgz#d81da89ee880c2345eb86bddb92b35291f6135ed"
    integrity sha512-W2+HB8Y7ifowcf3YyPHgDI05izyRtOeZ4MqIr7LbTArtmJ0ZHULWpn84SGMW7NAvTV1tFExpHlveHhnXuJfuGA==
    dependencies:
      apollo-env "^0.6.5"
  
  "@apollographql/graphql-playground-html@1.6.26":
    version "1.6.26"
    resolved "http://rea-sonatype-nexus.services.delivery.realestate.com.au/nexus/repository/rea-npm-all/@apollographql/graphql-playground-html/-/graphql-playground-html-1.6.26.tgz#2f7b610392e2a872722912fc342b43cf8d641cb3"
    integrity sha512-XAwXOIab51QyhBxnxySdK3nuMEUohhDsHQ5Rbco/V1vjlP75zZ0ZLHD9dTpXTN8uxKxopb2lUvJTq+M4g2Q0HQ==
    dependencies:
      xss "^1.0.6"
  
  "@protobufjs/aspromise@^1.1.1", "@protobufjs/aspromise@^1.1.2":
    version "1.1.2"
    resolved "http://rea-sonatype-nexus.services.delivery.realestate.com.au/nexus/repository/rea-npm-all/@protobufjs/aspromise/-/aspromise-1.1.2.tgz#9b8b0cc663d669a7d8f6f5d0893a14d348f30fbf"
    integrity sha1-m4sMxmPWaafY9vXQiToU00jzD78=
  
  "@protobufjs/base64@^1.1.2":
    version "1.1.2"
    resolved "http://rea-sonatype-nexus.services.delivery.realestate.com.au/nexus/repository/rea-npm-all/@protobufjs/base64/-/base64-1.1.2.tgz#4c85730e59b9a1f1f349047dbf24296034bb2735"
    integrity sha512-AZkcAA5vnN/v4PDqKyMR5lx7hZttPDgClv83E//FMNhR2TMcLUhfRUBHCmSl0oi9zMgDDqRUJkSxO3wm85+XLg==
  
  "@protobufjs/codegen@^2.0.4":
    version "2.0.4"
    resolved "http://rea-sonatype-nexus.services.delivery.realestate.com.au/nexus/repository/rea-npm-all/@protobufjs/codegen/-/codegen-2.0.4.tgz#7ef37f0d010fb028ad1ad59722e506d9262815cb"
    integrity sha512-YyFaikqM5sH0ziFZCN3xDC7zeGaB/d0IUb9CATugHWbd1FRFwWwt4ld4OYMPWu5a3Xe01mGAULCdqhMlPl29Jg==
  
  "@protobufjs/eventemitter@^1.1.0":
    version "1.1.0"
    resolved "http://rea-sonatype-nexus.services.delivery.realestate.com.au/nexus/repository/rea-npm-all/@protobufjs/eventemitter/-/eventemitter-1.1.0.tgz#355cbc98bafad5978f9ed095f397621f1d066b70"
    integrity sha1-NVy8mLr61ZePntCV85diHx0Ga3A=
  
  "@protobufjs/fetch@^1.1.0":
    version "1.1.0"
    resolved "http://rea-sonatype-nexus.services.delivery.realestate.com.au/nexus/repository/rea-npm-all/@protobufjs/fetch/-/fetch-1.1.0.tgz#ba99fb598614af65700c1619ff06d454b0d84c45"
    integrity sha1-upn7WYYUr2VwDBYZ/wbUVLDYTEU=
    dependencies:
      "@protobufjs/aspromise" "^1.1.1"
      "@protobufjs/inquire" "^1.1.0"
  
  "@protobufjs/float@^1.0.2":
    version "1.0.2"
    resolved "http://rea-sonatype-nexus.services.delivery.realestate.com.au/nexus/repository/rea-npm-all/@protobufjs/float/-/float-1.0.2.tgz#5e9e1abdcb73fc0a7cb8b291df78c8cbd97b87d1"
    integrity sha1-Xp4avctz/Ap8uLKR33jIy9l7h9E=
  
  "@protobufjs/inquire@^1.1.0":
    version "1.1.0"
    resolved "http://rea-sonatype-nexus.services.delivery.realestate.com.au/nexus/repository/rea-npm-all/@protobufjs/inquire/-/inquire-1.1.0.tgz#ff200e3e7cf2429e2dcafc1140828e8cc638f089"
    integrity sha1-/yAOPnzyQp4tyvwRQIKOjMY48Ik=
  
  "@protobufjs/path@^1.1.2":
    version "1.1.2"
    resolved "http://rea-sonatype-nexus.services.delivery.realestate.com.au/nexus/repository/rea-npm-all/@protobufjs/path/-/path-1.1.2.tgz#6cc2b20c5c9ad6ad0dccfd21ca7673d8d7fbf68d"
    integrity sha1-bMKyDFya1q0NzP0hynZz2Nf79o0=
  
  "@protobufjs/pool@^1.1.0":
    version "1.1.0"
    resolved "http://rea-sonatype-nexus.services.delivery.realestate.com.au/nexus/repository/rea-npm-all/@protobufjs/pool/-/pool-1.1.0.tgz#09fd15f2d6d3abfa9b65bc366506d6ad7846ff54"
    integrity sha1-Cf0V8tbTq/qbZbw2ZQbWrXhG/1Q=
  
  "@protobufjs/utf8@^1.1.0":
    version "1.1.0"
    resolved "http://rea-sonatype-nexus.services.delivery.realestate.com.au/nexus/repository/rea-npm-all/@protobufjs/utf8/-/utf8-1.1.0.tgz#a777360b5b39a1a2e5106f8e858f2fd2d060c570"
    integrity sha1-p3c2C1s5oaLlEG+OhY8v0tBgxXA=
  
  "@types/accepts@*", "@types/accepts@^1.3.5":
    version "1.3.5"
    resolved "http://rea-sonatype-nexus.services.delivery.realestate.com.au/nexus/repository/rea-npm-all/@types/accepts/-/accepts-1.3.5.tgz#c34bec115cfc746e04fe5a059df4ce7e7b391575"
    integrity sha512-jOdnI/3qTpHABjM5cx1Hc0sKsPoYCp+DP/GJRGtDlPd7fiV9oXGGIcjW/ZOxLIvjGz8MA+uMZI9metHlgqbgwQ==
    dependencies:
      "@types/node" "*"
  
  "@types/babel-types@*", "@types/babel-types@^7.0.0":
    version "7.0.9"
    resolved "http://rea-sonatype-nexus.services.delivery.realestate.com.au/nexus/repository/rea-npm-all/@types/babel-types/-/babel-types-7.0.9.tgz#01d7b86949f455402a94c788883fe4ba574cad41"
    integrity sha512-qZLoYeXSTgQuK1h7QQS16hqLGdmqtRmN8w/rl3Au/l5x/zkHx+a4VHrHyBsi1I1vtK2oBHxSzKIu0R5p6spdOA==
  
  "@types/babylon@^6.16.2":
    version "6.16.5"
    resolved "http://rea-sonatype-nexus.services.delivery.realestate.com.au/nexus/repository/rea-npm-all/@types/babylon/-/babylon-6.16.5.tgz#1c5641db69eb8cdf378edd25b4be7754beeb48b4"
    integrity sha512-xH2e58elpj1X4ynnKp9qSnWlsRTIs6n3tgLGNfwAGHwePw0mulHQllV34n0T25uYSu1k0hRKkWXF890B1yS47w==
    dependencies:
      "@types/babel-types" "*"
  
  "@types/body-parser@*", "@types/body-parser@1.19.0":
    version "1.19.0"
    resolved "http://rea-sonatype-nexus.services.delivery.realestate.com.au/nexus/repository/rea-npm-all/@types/body-parser/-/body-parser-1.19.0.tgz#0685b3c47eb3006ffed117cdd55164b61f80538f"
    integrity sha512-W98JrE0j2K78swW4ukqMleo8R7h/pFETjM2DQ90MF6XK2i4LO4W3gQ71Lt4w3bfm2EvVSyWHplECvB5sK22yFQ==
    dependencies:
      "@types/connect" "*"
      "@types/node" "*"
  
  "@types/connect@*":
    version "3.4.34"
    resolved "http://rea-sonatype-nexus.services.delivery.realestate.com.au/nexus/repository/rea-npm-all/@types/connect/-/connect-3.4.34.tgz#170a40223a6d666006d93ca128af2beb1d9b1901"
    integrity sha512-ePPA/JuI+X0vb+gSWlPKOY0NdNAie/rPUqX2GUPpbZwiKTkSPhjXWuee47E4MtE54QVzGCQMQkAL6JhV2E1+cQ==
    dependencies:
      "@types/node" "*"
  
  "@types/content-disposition@*":
    version "0.5.3"
    resolved "http://rea-sonatype-nexus.services.delivery.realestate.com.au/nexus/repository/rea-npm-all/@types/content-disposition/-/content-disposition-0.5.3.tgz#0aa116701955c2faa0717fc69cd1596095e49d96"
    integrity sha512-P1bffQfhD3O4LW0ioENXUhZ9OIa0Zn+P7M+pWgkCKaT53wVLSq0mrKksCID/FGHpFhRSxRGhgrQmfhRuzwtKdg==
  
  "@types/cookies@*":
    version "0.7.6"
    resolved "http://rea-sonatype-nexus.services.delivery.realestate.com.au/nexus/repository/rea-npm-all/@types/cookies/-/cookies-0.7.6.tgz#71212c5391a976d3bae57d4b09fac20fc6bda504"
    integrity sha512-FK4U5Qyn7/Sc5ih233OuHO0qAkOpEcD/eG6584yEiLKizTFRny86qHLe/rej3HFQrkBuUjF4whFliAdODbVN/w==
    dependencies:
      "@types/connect" "*"
      "@types/express" "*"
      "@types/keygrip" "*"
      "@types/node" "*"
  
  "@types/cors@2.8.8":
    version "2.8.8"
    resolved "http://rea-sonatype-nexus.services.delivery.realestate.com.au/nexus/repository/rea-npm-all/@types/cors/-/cors-2.8.8.tgz#317a8d8561995c60e35b9e0fcaa8d36660c98092"
    integrity sha512-fO3gf3DxU2Trcbr75O7obVndW/X5k8rJNZkLXlQWStTHhP71PkRqjwPIEI0yMnJdg9R9OasjU+Bsr+Hr1xy/0w==
    dependencies:
      "@types/express" "*"
  
  "@types/express-serve-static-core@*", "@types/express-serve-static-core@^4.17.18":
    version "4.17.18"
    resolved "http://rea-sonatype-nexus.services.delivery.realestate.com.au/nexus/repository/rea-npm-all/@types/express-serve-static-core/-/express-serve-static-core-4.17.18.tgz#8371e260f40e0e1ca0c116a9afcd9426fa094c40"
    integrity sha512-m4JTwx5RUBNZvky/JJ8swEJPKFd8si08pPF2PfizYjGZOKr/svUWPcoUmLow6MmPzhasphB7gSTINY67xn3JNA==
    dependencies:
      "@types/node" "*"
      "@types/qs" "*"
      "@types/range-parser" "*"
  
  "@types/express-serve-static-core@4.17.17":
    version "4.17.17"
    resolved "http://rea-sonatype-nexus.services.delivery.realestate.com.au/nexus/repository/rea-npm-all/@types/express-serve-static-core/-/express-serve-static-core-4.17.17.tgz#6ba02465165b6c9c3d8db3a28def6b16fc9b70f5"
    integrity sha512-YYlVaCni5dnHc+bLZfY908IG1+x5xuibKZMGv8srKkvtul3wUuanYvpIj9GXXoWkQbaAdR+kgX46IETKUALWNQ==
    dependencies:
      "@types/node" "*"
      "@types/qs" "*"
      "@types/range-parser" "*"
  
  "@types/express@*":
    version "4.17.11"
    resolved "http://rea-sonatype-nexus.services.delivery.realestate.com.au/nexus/repository/rea-npm-all/@types/express/-/express-4.17.11.tgz#debe3caa6f8e5fcda96b47bd54e2f40c4ee59545"
    integrity sha512-no+R6rW60JEc59977wIxreQVsIEOAYwgCqldrA/vkpCnbD7MqTefO97lmoBe4WE0F156bC4uLSP1XHDOySnChg==
    dependencies:
      "@types/body-parser" "*"
      "@types/express-serve-static-core" "^4.17.18"
      "@types/qs" "*"
      "@types/serve-static" "*"
  
  "@types/express@4.17.7":
    version "4.17.7"
    resolved "http://rea-sonatype-nexus.services.delivery.realestate.com.au/nexus/repository/rea-npm-all/@types/express/-/express-4.17.7.tgz#42045be6475636d9801369cd4418ef65cdb0dd59"
    integrity sha512-dCOT5lcmV/uC2J9k0rPafATeeyz+99xTt54ReX11/LObZgfzJqZNcW27zGhYyX+9iSEGXGt5qLPwRSvBZcLvtQ==
    dependencies:
      "@types/body-parser" "*"
      "@types/express-serve-static-core" "*"
      "@types/qs" "*"
      "@types/serve-static" "*"
  
  "@types/fs-capacitor@*":
    version "2.0.0"
    resolved "http://rea-sonatype-nexus.services.delivery.realestate.com.au/nexus/repository/rea-npm-all/@types/fs-capacitor/-/fs-capacitor-2.0.0.tgz#17113e25817f584f58100fb7a08eed288b81956e"
    integrity sha512-FKVPOCFbhCvZxpVAMhdBdTfVfXUpsh15wFHgqOKxh9N9vzWZVuWCSijZ5T4U34XYNnuj2oduh6xcs1i+LPI+BQ==
    dependencies:
      "@types/node" "*"
  
  "@types/graphql-upload@^8.0.0":
    version "8.0.4"
    resolved "http://rea-sonatype-nexus.services.delivery.realestate.com.au/nexus/repository/rea-npm-all/@types/graphql-upload/-/graphql-upload-8.0.4.tgz#23a8ffb3d2fe6e0ee07e6f16ee9d9d5e995a2f4f"
    integrity sha512-0TRyJD2o8vbkmJF8InppFcPVcXKk+Rvlg/xvpHBIndSJYpmDWfmtx/ZAtl4f3jR2vfarpTqYgj8MZuJssSoU7Q==
    dependencies:
      "@types/express" "*"
      "@types/fs-capacitor" "*"
      "@types/koa" "*"
      graphql "^15.3.0"
  
  "@types/http-assert@*":
    version "1.5.1"
    resolved "http://rea-sonatype-nexus.services.delivery.realestate.com.au/nexus/repository/rea-npm-all/@types/http-assert/-/http-assert-1.5.1.tgz#d775e93630c2469c2f980fc27e3143240335db3b"
    integrity sha512-PGAK759pxyfXE78NbKxyfRcWYA/KwW17X290cNev/qAsn9eQIxkH4shoNBafH37wewhDG/0p1cHPbK6+SzZjWQ==
  
  "@types/http-errors@*":
    version "1.8.0"
    resolved "http://rea-sonatype-nexus.services.delivery.realestate.com.au/nexus/repository/rea-npm-all/@types/http-errors/-/http-errors-1.8.0.tgz#682477dbbbd07cd032731cb3b0e7eaee3d026b69"
    integrity sha512-2aoSC4UUbHDj2uCsCxcG/vRMXey/m17bC7UwitVm5hn22nI8O8Y9iDpA76Orc+DWkQ4zZrOKEshCqR/jSuXAHA==
  
  "@types/keygrip@*":
    version "1.0.2"
    resolved "http://rea-sonatype-nexus.services.delivery.realestate.com.au/nexus/repository/rea-npm-all/@types/keygrip/-/keygrip-1.0.2.tgz#513abfd256d7ad0bf1ee1873606317b33b1b2a72"
    integrity sha512-GJhpTepz2udxGexqos8wgaBx4I/zWIDPh/KOGEwAqtuGDkOUJu5eFvwmdBX4AmB8Odsr+9pHCQqiAqDL/yKMKw==
  
  "@types/koa-compose@*":
    version "3.2.5"
    resolved "http://rea-sonatype-nexus.services.delivery.realestate.com.au/nexus/repository/rea-npm-all/@types/koa-compose/-/koa-compose-3.2.5.tgz#85eb2e80ac50be95f37ccf8c407c09bbe3468e9d"
    integrity sha512-B8nG/OoE1ORZqCkBVsup/AKcvjdgoHnfi4pZMn5UwAPCbhk/96xyv284eBYW8JlQbQ7zDmnpFr68I/40mFoIBQ==
    dependencies:
      "@types/koa" "*"
  
  "@types/koa@*":
    version "2.11.7"
    resolved "http://rea-sonatype-nexus.services.delivery.realestate.com.au/nexus/repository/rea-npm-all/@types/koa/-/koa-2.11.7.tgz#3b38f3b9faa66315a84890a771d166fb36463100"
    integrity sha512-1iXJZZWCePoMe9LGSIPWsu5k5RI4ooXijW78c+nljMn3YbUts8PXoEESu1OeFmrazLPl1l97vTxzwvmH32TWVQ==
    dependencies:
      "@types/accepts" "*"
      "@types/content-disposition" "*"
      "@types/cookies" "*"
      "@types/http-assert" "*"
      "@types/http-errors" "*"
      "@types/keygrip" "*"
      "@types/koa-compose" "*"
      "@types/node" "*"
  
  "@types/long@^4.0.0":
    version "4.0.1"
    resolved "http://rea-sonatype-nexus.services.delivery.realestate.com.au/nexus/repository/rea-npm-all/@types/long/-/long-4.0.1.tgz#459c65fa1867dafe6a8f322c4c51695663cc55e9"
    integrity sha512-5tXH6Bx/kNGd3MgffdmP4dy2Z+G4eaXw0SE81Tq3BNadtnMR5/ySMzX4SLEzHJzSmPNn4HIdpQsBvXMUykr58w==
  
  "@types/mime@^1":
    version "1.3.2"
    resolved "http://rea-sonatype-nexus.services.delivery.realestate.com.au/nexus/repository/rea-npm-all/@types/mime/-/mime-1.3.2.tgz#93e25bf9ee75fe0fd80b594bc4feb0e862111b5a"
    integrity sha512-YATxVxgRqNH6nHEIsvg6k2Boc1JHI9ZbH5iWFFv/MTkchz3b1ieGDa5T0a9RznNdI0KhVbdbWSN+KWWrQZRxTw==
  
  "@types/node-fetch@2.5.7":
    version "2.5.7"
    resolved "http://rea-sonatype-nexus.services.delivery.realestate.com.au/nexus/repository/rea-npm-all/@types/node-fetch/-/node-fetch-2.5.7.tgz#20a2afffa882ab04d44ca786449a276f9f6bbf3c"
    integrity sha512-o2WVNf5UhWRkxlf6eq+jMZDu7kjgpgJfl4xVNlvryc95O/6F2ld8ztKX+qu+Rjyet93WAWm5LjeX9H5FGkODvw==
    dependencies:
      "@types/node" "*"
      form-data "^3.0.0"
  
  "@types/node@*":
    version "14.14.24"
    resolved "http://rea-sonatype-nexus.services.delivery.realestate.com.au/nexus/repository/rea-npm-all/@types/node/-/node-14.14.24.tgz#541c00e4f7c41c8f108bd5b045248b5224c62946"
    integrity sha512-6BAlkS4seVjszhrwN0W1WabqWwuJwcYF36Z1rPPyQm80LGRKsIeUPdzI51TezXenjetFNy1gRTpuDn1NBg33LA==
  
  "@types/node@^10.1.0":
    version "10.17.51"
    resolved "http://rea-sonatype-nexus.services.delivery.realestate.com.au/nexus/repository/rea-npm-all/@types/node/-/node-10.17.51.tgz#639538575befbcf3d3861f95c41de8e47124d674"
    integrity sha512-KANw+MkL626tq90l++hGelbl67irOJzGhUJk6a1Bt8QHOeh9tztJx+L0AqttraWKinmZn7Qi5lJZJzx45Gq0dg==
  
  "@types/qs@*":
    version "6.9.5"
    resolved "http://rea-sonatype-nexus.services.delivery.realestate.com.au/nexus/repository/rea-npm-all/@types/qs/-/qs-6.9.5.tgz#434711bdd49eb5ee69d90c1d67c354a9a8ecb18b"
    integrity sha512-/JHkVHtx/REVG0VVToGRGH2+23hsYLHdyG+GrvoUGlGAd0ErauXDyvHtRI/7H7mzLm+tBCKA7pfcpkQ1lf58iQ==
  
  "@types/range-parser@*":
    version "1.2.3"
    resolved "http://rea-sonatype-nexus.services.delivery.realestate.com.au/nexus/repository/rea-npm-all/@types/range-parser/-/range-parser-1.2.3.tgz#7ee330ba7caafb98090bece86a5ee44115904c2c"
    integrity sha512-ewFXqrQHlFsgc09MK5jP5iR7vumV/BYayNC6PgJO2LPe8vrnNFyjQjSppfEngITi0qvfKtzFvgKymGheFM9UOA==
  
  "@types/serve-static@*":
    version "1.13.9"
    resolved "http://rea-sonatype-nexus.services.delivery.realestate.com.au/nexus/repository/rea-npm-all/@types/serve-static/-/serve-static-1.13.9.tgz#aacf28a85a05ee29a11fb7c3ead935ac56f33e4e"
    integrity sha512-ZFqF6qa48XsPdjXV5Gsz0Zqmux2PerNd3a/ktL45mHpa19cuMi/cL8tcxdAx497yRh+QtYPuofjT9oWw9P7nkA==
    dependencies:
      "@types/mime" "^1"
      "@types/node" "*"
  
  "@types/ws@^7.0.0":
    version "7.4.0"
    resolved "http://rea-sonatype-nexus.services.delivery.realestate.com.au/nexus/repository/rea-npm-all/@types/ws/-/ws-7.4.0.tgz#499690ea08736e05a8186113dac37769ab251a0e"
    integrity sha512-Y29uQ3Uy+58bZrFLhX36hcI3Np37nqWE7ky5tjiDoy1GDZnIwVxS0CgF+s+1bXMzjKBFy+fqaRfb708iNzdinw==
    dependencies:
      "@types/node" "*"
  
  "@wry/equality@^0.1.2":
    version "0.1.11"
    resolved "http://rea-sonatype-nexus.services.delivery.realestate.com.au/nexus/repository/rea-npm-all/@wry/equality/-/equality-0.1.11.tgz#35cb156e4a96695aa81a9ecc4d03787bc17f1790"
    integrity sha512-mwEVBDUVODlsQQ5dfuLUS5/Tf7jqUKyhKYHmVi4fPB6bDMOfWvUPJmKgS1Z7Za/sOI3vzWt4+O7yCiL/70MogA==
    dependencies:
      tslib "^1.9.3"
  
  accepts@^1.3.5, accepts@~1.3.5, accepts@~1.3.7:
    version "1.3.7"
    resolved "http://rea-sonatype-nexus.services.delivery.realestate.com.au/nexus/repository/rea-npm-all/accepts/-/accepts-1.3.7.tgz#531bc726517a3b2b41f850021c6cc15eaab507cd"
    integrity sha512-Il80Qs2WjYlJIBNzNkK6KYqlVMTbZLXgHx2oT0pU/fjRHyEp+PEfEPY0R3WCwAGVOtauxh1hOxNgIf5bv7dQpA==
    dependencies:
      mime-types "~2.1.24"
      negotiator "0.6.2"
  
  acorn-globals@^3.0.0:
    version "3.1.0"
    resolved "http://rea-sonatype-nexus.services.delivery.realestate.com.au/nexus/repository/rea-npm-all/acorn-globals/-/acorn-globals-3.1.0.tgz#fd8270f71fbb4996b004fa880ee5d46573a731bf"
    integrity sha1-/YJw9x+7SZawBPqIDuXUZXOnMb8=
    dependencies:
      acorn "^4.0.4"
  
  acorn@^3.1.0:
    version "3.3.0"
    resolved "http://rea-sonatype-nexus.services.delivery.realestate.com.au/nexus/repository/rea-npm-all/acorn/-/acorn-3.3.0.tgz#45e37fb39e8da3f25baee3ff5369e2bb5f22017a"
    integrity sha1-ReN/s56No/JbruP/U2niu18iAXo=
  
  acorn@^4.0.4, acorn@~4.0.2:
    version "4.0.13"
    resolved "http://rea-sonatype-nexus.services.delivery.realestate.com.au/nexus/repository/rea-npm-all/acorn/-/acorn-4.0.13.tgz#105495ae5361d697bd195c825192e1ad7f253787"
    integrity sha1-EFSVrlNh1pe9GVyCUZLhrX8lN4c=
  
  align-text@^0.1.1, align-text@^0.1.3:
    version "0.1.4"
    resolved "http://rea-sonatype-nexus.services.delivery.realestate.com.au/nexus/repository/rea-npm-all/align-text/-/align-text-0.1.4.tgz#0cd90a561093f35d0a99256c22b7069433fad117"
    integrity sha1-DNkKVhCT810KmSVsIrcGlDP60Rc=
    dependencies:
      kind-of "^3.0.2"
      longest "^1.0.1"
      repeat-string "^1.5.2"
  
  amdefine@>=0.0.4:
    version "1.0.1"
    resolved "http://rea-sonatype-nexus.services.delivery.realestate.com.au/nexus/repository/rea-npm-all/amdefine/-/amdefine-1.0.1.tgz#4a5282ac164729e93619bcfd3ad151f817ce91f5"
    integrity sha1-SlKCrBZHKek2Gbz9OtFR+BfOkfU=
  
  apollo-cache-control@^0.11.6:
    version "0.11.6"
    resolved "http://rea-sonatype-nexus.services.delivery.realestate.com.au/nexus/repository/rea-npm-all/apollo-cache-control/-/apollo-cache-control-0.11.6.tgz#f7bdf924272af47ac474cf3f3f35cfc038cc9485"
    integrity sha512-YZ+uuIG+fPy+mkpBS2qKF0v1qlzZ3PW6xZVaDukeK3ed3iAs4L/2YnkTqau3OmoF/VPzX2FmSkocX/OVd59YSw==
    dependencies:
      apollo-server-env "^3.0.0"
      apollo-server-plugin-base "^0.10.4"
  
  apollo-datasource@^0.7.3:
    version "0.7.3"
    resolved "http://rea-sonatype-nexus.services.delivery.realestate.com.au/nexus/repository/rea-npm-all/apollo-datasource/-/apollo-datasource-0.7.3.tgz#c824eb1457bdee5a3173ced0e35e594547e687a0"
    integrity sha512-PE0ucdZYjHjUyXrFWRwT02yLcx2DACsZ0jm1Mp/0m/I9nZu/fEkvJxfsryXB6JndpmQO77gQHixf/xGCN976kA==
    dependencies:
      apollo-server-caching "^0.5.3"
      apollo-server-env "^3.0.0"
  
  apollo-env@^0.6.5:
    version "0.6.5"
    resolved "http://rea-sonatype-nexus.services.delivery.realestate.com.au/nexus/repository/rea-npm-all/apollo-env/-/apollo-env-0.6.5.tgz#5a36e699d39e2356381f7203493187260fded9f3"
    integrity sha512-jeBUVsGymeTHYWp3me0R2CZRZrFeuSZeICZHCeRflHTfnQtlmbSXdy5E0pOyRM9CU4JfQkKDC98S1YglQj7Bzg==
    dependencies:
      "@types/node-fetch" "2.5.7"
      core-js "^3.0.1"
      node-fetch "^2.2.0"
      sha.js "^2.4.11"
  
  apollo-graphql@^0.6.0:
    version "0.6.0"
    resolved "http://rea-sonatype-nexus.services.delivery.realestate.com.au/nexus/repository/rea-npm-all/apollo-graphql/-/apollo-graphql-0.6.0.tgz#37bee7dc853213269137f4c60bfdf2ee28658669"
    integrity sha512-BxTf5LOQe649e9BNTPdyCGItVv4Ll8wZ2BKnmiYpRAocYEXAVrQPWuSr3dO4iipqAU8X0gvle/Xu9mSqg5b7Qg==
    dependencies:
      apollo-env "^0.6.5"
      lodash.sortby "^4.7.0"
  
  apollo-link@^1.2.14:
    version "1.2.14"
    resolved "http://rea-sonatype-nexus.services.delivery.realestate.com.au/nexus/repository/rea-npm-all/apollo-link/-/apollo-link-1.2.14.tgz#3feda4b47f9ebba7f4160bef8b977ba725b684d9"
    integrity sha512-p67CMEFP7kOG1JZ0ZkYZwRDa369w5PIjtMjvrQd/HnIV8FRsHRqLqK+oAZQnFa1DDdZtOtHTi+aMIW6EatC2jg==
    dependencies:
      apollo-utilities "^1.3.0"
      ts-invariant "^0.4.0"
      tslib "^1.9.3"
      zen-observable-ts "^0.8.21"
  
  apollo-reporting-protobuf@^0.6.2:
    version "0.6.2"
    resolved "http://rea-sonatype-nexus.services.delivery.realestate.com.au/nexus/repository/rea-npm-all/apollo-reporting-protobuf/-/apollo-reporting-protobuf-0.6.2.tgz#5572866be9b77f133916532b10e15fbaa4158304"
    integrity sha512-WJTJxLM+MRHNUxt1RTl4zD0HrLdH44F2mDzMweBj1yHL0kSt8I1WwoiF/wiGVSpnG48LZrBegCaOJeuVbJTbtw==
    dependencies:
      "@apollo/protobufjs" "^1.0.3"
  
  apollo-server-caching@^0.5.3:
    version "0.5.3"
    resolved "http://rea-sonatype-nexus.services.delivery.realestate.com.au/nexus/repository/rea-npm-all/apollo-server-caching/-/apollo-server-caching-0.5.3.tgz#cf42a77ad09a46290a246810075eaa029b5305e1"
    integrity sha512-iMi3087iphDAI0U2iSBE9qtx9kQoMMEWr6w+LwXruBD95ek9DWyj7OeC2U/ngLjRsXM43DoBDXlu7R+uMjahrQ==
    dependencies:
      lru-cache "^6.0.0"
  
  apollo-server-core@^2.19.2:
    version "2.19.2"
    resolved "http://rea-sonatype-nexus.services.delivery.realestate.com.au/nexus/repository/rea-npm-all/apollo-server-core/-/apollo-server-core-2.19.2.tgz#9a5651be233aceab6b062e82eef4c8072f6ac230"
    integrity sha512-liLgLhTIGWZtdQbxuxo3/Yv8j+faKQcI60kOL+uwfByGhoKLZEQp5nqi2IdMK6JXt1VuyKwKu7lTzj02a9S3jA==
    dependencies:
      "@apollographql/apollo-tools" "^0.4.3"
      "@apollographql/graphql-playground-html" "1.6.26"
      "@types/graphql-upload" "^8.0.0"
      "@types/ws" "^7.0.0"
      apollo-cache-control "^0.11.6"
      apollo-datasource "^0.7.3"
      apollo-graphql "^0.6.0"
      apollo-reporting-protobuf "^0.6.2"
      apollo-server-caching "^0.5.3"
      apollo-server-env "^3.0.0"
      apollo-server-errors "^2.4.2"
      apollo-server-plugin-base "^0.10.4"
      apollo-server-types "^0.6.3"
      apollo-tracing "^0.12.2"
      async-retry "^1.2.1"
      fast-json-stable-stringify "^2.0.0"
      graphql-extensions "^0.12.8"
      graphql-tag "^2.11.0"
      graphql-tools "^4.0.0"
      graphql-upload "^8.0.2"
      loglevel "^1.6.7"
      lru-cache "^6.0.0"
      sha.js "^2.4.11"
      subscriptions-transport-ws "^0.9.11"
      uuid "^8.0.0"
      ws "^6.0.0"
  
  apollo-server-env@^3.0.0:
    version "3.0.0"
    resolved "http://rea-sonatype-nexus.services.delivery.realestate.com.au/nexus/repository/rea-npm-all/apollo-server-env/-/apollo-server-env-3.0.0.tgz#0157c51f52b63aee39af190760acf789ffc744d9"
    integrity sha512-tPSN+VttnPsoQAl/SBVUpGbLA97MXG990XIwq6YUnJyAixrrsjW1xYG7RlaOqetxm80y5mBZKLrRDiiSsW/vog==
    dependencies:
      node-fetch "^2.1.2"
      util.promisify "^1.0.0"
  
  apollo-server-errors@^2.4.2:
    version "2.4.2"
    resolved "http://rea-sonatype-nexus.services.delivery.realestate.com.au/nexus/repository/rea-npm-all/apollo-server-errors/-/apollo-server-errors-2.4.2.tgz#1128738a1d14da989f58420896d70524784eabe5"
    integrity sha512-FeGxW3Batn6sUtX3OVVUm7o56EgjxDlmgpTLNyWcLb0j6P8mw9oLNyAm3B+deHA4KNdNHO5BmHS2g1SJYjqPCQ==
  
  apollo-server-express@^2.19.2:
    version "2.19.2"
    resolved "http://rea-sonatype-nexus.services.delivery.realestate.com.au/nexus/repository/rea-npm-all/apollo-server-express/-/apollo-server-express-2.19.2.tgz#8b185e8fb3b71cde09ca3d5a5d5af340b0421e7b"
    integrity sha512-1v2H6BgDkS4QzRbJ9djn2o0yv5m/filbpiupxAsCG9f+sAoSlY3eYSj84Sbex2r5+4itAvT9y84WI7d9RBYs/Q==
    dependencies:
      "@apollographql/graphql-playground-html" "1.6.26"
      "@types/accepts" "^1.3.5"
      "@types/body-parser" "1.19.0"
      "@types/cors" "2.8.8"
      "@types/express" "4.17.7"
      "@types/express-serve-static-core" "4.17.17"
      accepts "^1.3.5"
      apollo-server-core "^2.19.2"
      apollo-server-types "^0.6.3"
      body-parser "^1.18.3"
      cors "^2.8.4"
      express "^4.17.1"
      graphql-subscriptions "^1.0.0"
      graphql-tools "^4.0.0"
      parseurl "^1.3.2"
      subscriptions-transport-ws "^0.9.16"
      type-is "^1.6.16"
  
  apollo-server-plugin-base@^0.10.4:
    version "0.10.4"
    resolved "http://rea-sonatype-nexus.services.delivery.realestate.com.au/nexus/repository/rea-npm-all/apollo-server-plugin-base/-/apollo-server-plugin-base-0.10.4.tgz#fbf73f64f95537ca9f9639dd7c535eb5eeb95dcd"
    integrity sha512-HRhbyHgHFTLP0ImubQObYhSgpmVH4Rk1BinnceZmwudIVLKrqayIVOELdyext/QnSmmzg5W7vF3NLGBcVGMqDg==
    dependencies:
      apollo-server-types "^0.6.3"
  
  apollo-server-types@^0.6.3:
    version "0.6.3"
    resolved "http://rea-sonatype-nexus.services.delivery.realestate.com.au/nexus/repository/rea-npm-all/apollo-server-types/-/apollo-server-types-0.6.3.tgz#f7aa25ff7157863264d01a77d7934aa6e13399e8"
    integrity sha512-aVR7SlSGGY41E1f11YYz5bvwA89uGmkVUtzMiklDhZ7IgRJhysT5Dflt5IuwDxp+NdQkIhVCErUXakopocFLAg==
    dependencies:
      apollo-reporting-protobuf "^0.6.2"
      apollo-server-caching "^0.5.3"
      apollo-server-env "^3.0.0"
  
  apollo-tracing@^0.12.2:
    version "0.12.2"
    resolved "http://rea-sonatype-nexus.services.delivery.realestate.com.au/nexus/repository/rea-npm-all/apollo-tracing/-/apollo-tracing-0.12.2.tgz#a261c3970bb421b6dadf50cd85d75b2567a7e52c"
    integrity sha512-SYN4o0C0wR1fyS3+P0FthyvsQVHFopdmN3IU64IaspR/RZScPxZ3Ae8uu++fTvkQflAkglnFM0aX6DkZERBp6w==
    dependencies:
      apollo-server-env "^3.0.0"
      apollo-server-plugin-base "^0.10.4"
  
  apollo-utilities@^1.0.1, apollo-utilities@^1.3.0:
    version "1.3.4"
    resolved "http://rea-sonatype-nexus.services.delivery.realestate.com.au/nexus/repository/rea-npm-all/apollo-utilities/-/apollo-utilities-1.3.4.tgz#6129e438e8be201b6c55b0f13ce49d2c7175c9cf"
    integrity sha512-pk2hiWrCXMAy2fRPwEyhvka+mqwzeP60Jr1tRYi5xru+3ko94HI9o6lK0CT33/w4RDlxWchmdhDCrvdr+pHCig==
    dependencies:
      "@wry/equality" "^0.1.2"
      fast-json-stable-stringify "^2.0.0"
      ts-invariant "^0.4.0"
      tslib "^1.10.0"
  
  array-flatten@1.1.1:
    version "1.1.1"
    resolved "http://rea-sonatype-nexus.services.delivery.realestate.com.au/nexus/repository/rea-npm-all/array-flatten/-/array-flatten-1.1.1.tgz#9a5f699051b1e7073328f2a008968b64ea2955d2"
    integrity sha1-ml9pkFGx5wczKPKgCJaLZOopVdI=
  
  asap@~2.0.3:
    version "2.0.6"
    resolved "http://rea-sonatype-nexus.services.delivery.realestate.com.au/nexus/repository/rea-npm-all/asap/-/asap-2.0.6.tgz#e50347611d7e690943208bbdafebcbc2fb866d46"
    integrity sha1-5QNHYR1+aQlDIIu9r+vLwvuGbUY=
  
  async-limiter@~1.0.0:
    version "1.0.1"
    resolved "http://rea-sonatype-nexus.services.delivery.realestate.com.au/nexus/repository/rea-npm-all/async-limiter/-/async-limiter-1.0.1.tgz#dd379e94f0db8310b08291f9d64c3209766617fd"
    integrity sha512-csOlWGAcRFJaI6m+F2WKdnMKr4HhdhFVBk0H/QbJFMCr+uO2kwohwXQPxw/9OCxp05r5ghVBFSyioixx3gfkNQ==
  
  async-retry@^1.2.1:
    version "1.3.1"
    resolved "http://rea-sonatype-nexus.services.delivery.realestate.com.au/nexus/repository/rea-npm-all/async-retry/-/async-retry-1.3.1.tgz#139f31f8ddce50c0870b0ba558a6079684aaed55"
    integrity sha512-aiieFW/7h3hY0Bq5d+ktDBejxuwR78vRu9hDUdR8rNhSaQ29VzPL4AoIRG7D/c7tdenwOcKvgPM6tIxB3cB6HA==
    dependencies:
      retry "0.12.0"
  
  asynckit@^0.4.0:
    version "0.4.0"
    resolved "http://rea-sonatype-nexus.services.delivery.realestate.com.au/nexus/repository/rea-npm-all/asynckit/-/asynckit-0.4.0.tgz#c79ed97f7f34cb8f2ba1bc9790bcc366474b4b79"
    integrity sha1-x57Zf380y48robyXkLzDZkdLS3k=
  
  babel-runtime@^6.26.0:
    version "6.26.0"
    resolved "http://rea-sonatype-nexus.services.delivery.realestate.com.au/nexus/repository/rea-npm-all/babel-runtime/-/babel-runtime-6.26.0.tgz#965c7058668e82b55d7bfe04ff2337bc8b5647fe"
    integrity sha1-llxwWGaOgrVde/4E/yM3vItWR/4=
    dependencies:
      core-js "^2.4.0"
      regenerator-runtime "^0.11.0"
  
  babel-types@^6.26.0:
    version "6.26.0"
    resolved "http://rea-sonatype-nexus.services.delivery.realestate.com.au/nexus/repository/rea-npm-all/babel-types/-/babel-types-6.26.0.tgz#a3b073f94ab49eb6fa55cd65227a334380632497"
    integrity sha1-o7Bz+Uq0nrb6Vc1lInozQ4BjJJc=
    dependencies:
      babel-runtime "^6.26.0"
      esutils "^2.0.2"
      lodash "^4.17.4"
      to-fast-properties "^1.0.3"
  
  babylon@^6.18.0:
    version "6.18.0"
    resolved "http://rea-sonatype-nexus.services.delivery.realestate.com.au/nexus/repository/rea-npm-all/babylon/-/babylon-6.18.0.tgz#af2f3b88fa6f5c1e4c634d1a0f8eac4f55b395e3"
    integrity sha512-q/UEjfGJ2Cm3oKV71DJz9d25TPnq5rhBVL2Q4fA5wcC3jcrdn7+SssEybFIxwAvvP+YCsCYNKughoF33GxgycQ==
  
  backo2@^1.0.2:
    version "1.0.2"
    resolved "http://rea-sonatype-nexus.services.delivery.realestate.com.au/nexus/repository/rea-npm-all/backo2/-/backo2-1.0.2.tgz#31ab1ac8b129363463e35b3ebb69f4dfcfba7947"
    integrity sha1-MasayLEpNjRj41s+u2n038+6eUc=
  
  basic-auth@~2.0.0:
    version "2.0.1"
    resolved "http://rea-sonatype-nexus.services.delivery.realestate.com.au/nexus/repository/rea-npm-all/basic-auth/-/basic-auth-2.0.1.tgz#b998279bf47ce38344b4f3cf916d4679bbf51e3a"
    integrity sha512-NF+epuEdnUYVlGuhaxbbq+dvJttwLnGY+YixlXlME5KpQ5W3CnXA5cVTneY3SPbPDRkcjMbifrwmFYcClgOZeg==
    dependencies:
      safe-buffer "5.1.2"
  
  body-parser@1.18.3:
    version "1.18.3"
    resolved "http://rea-sonatype-nexus.services.delivery.realestate.com.au/nexus/repository/rea-npm-all/body-parser/-/body-parser-1.18.3.tgz#5b292198ffdd553b3a0f20ded0592b956955c8b4"
    integrity sha1-WykhmP/dVTs6DyDe0FkrlWlVyLQ=
    dependencies:
      bytes "3.0.0"
      content-type "~1.0.4"
      debug "2.6.9"
      depd "~1.1.2"
      http-errors "~1.6.3"
      iconv-lite "0.4.23"
      on-finished "~2.3.0"
      qs "6.5.2"
      raw-body "2.3.3"
      type-is "~1.6.16"
  
  body-parser@1.19.0, body-parser@^1.18.3:
    version "1.19.0"
    resolved "http://rea-sonatype-nexus.services.delivery.realestate.com.au/nexus/repository/rea-npm-all/body-parser/-/body-parser-1.19.0.tgz#96b2709e57c9c4e09a6fd66a8fd979844f69f08a"
    integrity sha512-dhEPs72UPbDnAQJ9ZKMNTP6ptJaionhP5cBb541nXPlW60Jepo9RV/a4fX4XWW9CuFNK22krhrj1+rgzifNCsw==
    dependencies:
      bytes "3.1.0"
      content-type "~1.0.4"
      debug "2.6.9"
      depd "~1.1.2"
      http-errors "1.7.2"
      iconv-lite "0.4.24"
      on-finished "~2.3.0"
      qs "6.7.0"
      raw-body "2.4.0"
      type-is "~1.6.17"
  
  busboy@^0.3.1:
    version "0.3.1"
    resolved "http://rea-sonatype-nexus.services.delivery.realestate.com.au/nexus/repository/rea-npm-all/busboy/-/busboy-0.3.1.tgz#170899274c5bf38aae27d5c62b71268cd585fd1b"
    integrity sha512-y7tTxhGKXcyBxRKAni+awqx8uqaJKrSFSNFSeRG5CsWNdmy2BIK+6VGWEW7TZnIO/533mtMEA4rOevQV815YJw==
    dependencies:
      dicer "0.3.0"
  
  bytes@3.0.0:
    version "3.0.0"
    resolved "http://rea-sonatype-nexus.services.delivery.realestate.com.au/nexus/repository/rea-npm-all/bytes/-/bytes-3.0.0.tgz#d32815404d689699f85a4ea4fa8755dd13a96048"
    integrity sha1-0ygVQE1olpn4Wk6k+odV3ROpYEg=
  
  bytes@3.1.0:
    version "3.1.0"
    resolved "http://rea-sonatype-nexus.services.delivery.realestate.com.au/nexus/repository/rea-npm-all/bytes/-/bytes-3.1.0.tgz#f6cf7933a360e0588fa9fde85651cdc7f805d1f6"
    integrity sha512-zauLjrfCG+xvoyaqLoV8bLVXXNGC4JqlxFCutSDWA6fJrTo2ZuvLYTqZ7aHBLZSMOopbzwv8f+wZcVzfVTI2Dg==
  
  call-bind@^1.0.0, call-bind@^1.0.2:
    version "1.0.2"
    resolved "http://rea-sonatype-nexus.services.delivery.realestate.com.au/nexus/repository/rea-npm-all/call-bind/-/call-bind-1.0.2.tgz#b1d4e89e688119c3c9a903ad30abb2f6a919be3c"
    integrity sha512-7O+FbCihrB5WGbFYesctwmTKae6rOiIzmz1icreWJ+0aA7LJfuqhEso2T9ncpcFtzMQtzXf2QGGueWJGTYsqrA==
    dependencies:
      function-bind "^1.1.1"
      get-intrinsic "^1.0.2"
  
  camelcase@^1.0.2:
    version "1.2.1"
    resolved "http://rea-sonatype-nexus.services.delivery.realestate.com.au/nexus/repository/rea-npm-all/camelcase/-/camelcase-1.2.1.tgz#9bb5304d2e0b56698b2c758b08a3eaa9daa58a39"
    integrity sha1-m7UwTS4LVmmLLHWLCKPqqdqlijk=
  
  center-align@^0.1.1:
    version "0.1.3"
    resolved "http://rea-sonatype-nexus.services.delivery.realestate.com.au/nexus/repository/rea-npm-all/center-align/-/center-align-0.1.3.tgz#aa0d32629b6ee972200411cbd4461c907bc2b7ad"
    integrity sha1-qg0yYptu6XIgBBHL1EYckHvCt60=
    dependencies:
      align-text "^0.1.3"
      lazy-cache "^1.0.3"
  
  character-parser@^2.1.1:
    version "2.2.0"
    resolved "http://rea-sonatype-nexus.services.delivery.realestate.com.au/nexus/repository/rea-npm-all/character-parser/-/character-parser-2.2.0.tgz#c7ce28f36d4bcd9744e5ffc2c5fcde1c73261fc0"
    integrity sha1-x84o821LzZdE5f/CxfzeHHMmH8A=
    dependencies:
      is-regex "^1.0.3"
  
  clean-css@^3.3.0:
    version "3.4.28"
    resolved "http://rea-sonatype-nexus.services.delivery.realestate.com.au/nexus/repository/rea-npm-all/clean-css/-/clean-css-3.4.28.tgz#bf1945e82fc808f55695e6ddeaec01400efd03ff"
    integrity sha1-vxlF6C/ICPVWlebd6uwBQA79A/8=
    dependencies:
      commander "2.8.x"
      source-map "0.4.x"
  
  cliui@^2.1.0:
    version "2.1.0"
    resolved "http://rea-sonatype-nexus.services.delivery.realestate.com.au/nexus/repository/rea-npm-all/cliui/-/cliui-2.1.0.tgz#4b475760ff80264c762c3a1719032e91c7fea0d1"
    integrity sha1-S0dXYP+AJkx2LDoXGQMukcf+oNE=
    dependencies:
      center-align "^0.1.1"
      right-align "^0.1.1"
      wordwrap "0.0.2"
  
  combined-stream@^1.0.8:
    version "1.0.8"
    resolved "http://rea-sonatype-nexus.services.delivery.realestate.com.au/nexus/repository/rea-npm-all/combined-stream/-/combined-stream-1.0.8.tgz#c3d45a8b34fd730631a110a8a2520682b31d5a7f"
    integrity sha512-FQN4MRfuJeHf7cBbBMJFXhKSDq+2kAArBlmRBvcvFE5BB1HZKXtSFASDhdlz9zOYwxh8lDdnvmMOe/+5cdoEdg==
    dependencies:
      delayed-stream "~1.0.0"
  
  commander@2.8.x:
    version "2.8.1"
    resolved "http://rea-sonatype-nexus.services.delivery.realestate.com.au/nexus/repository/rea-npm-all/commander/-/commander-2.8.1.tgz#06be367febfda0c330aa1e2a072d3dc9762425d4"
    integrity sha1-Br42f+v9oMMwqh4qBy09yXYkJdQ=
    dependencies:
      graceful-readlink ">= 1.0.0"
  
  commander@^2.20.3:
    version "2.20.3"
    resolved "http://rea-sonatype-nexus.services.delivery.realestate.com.au/nexus/repository/rea-npm-all/commander/-/commander-2.20.3.tgz#fd485e84c03eb4881c20722ba48035e8531aeb33"
    integrity sha512-GpVkmM8vF2vQUkj2LvZmD35JxeJOLCwJ9cUkugyk2nuhbv3+mJvpLYYt+0+USMxE+oj+ey/lJEnhZw75x/OMcQ==
  
  constantinople@^3.0.1:
    version "3.1.2"
    resolved "http://rea-sonatype-nexus.services.delivery.realestate.com.au/nexus/repository/rea-npm-all/constantinople/-/constantinople-3.1.2.tgz#d45ed724f57d3d10500017a7d3a889c1381ae647"
    integrity sha512-yePcBqEFhLOqSBtwYOGGS1exHo/s1xjekXiinh4itpNQGCu4KA1euPh1fg07N2wMITZXQkBz75Ntdt1ctGZouw==
    dependencies:
      "@types/babel-types" "^7.0.0"
      "@types/babylon" "^6.16.2"
      babel-types "^6.26.0"
      babylon "^6.18.0"
  
  content-disposition@0.5.2:
    version "0.5.2"
    resolved "http://rea-sonatype-nexus.services.delivery.realestate.com.au/nexus/repository/rea-npm-all/content-disposition/-/content-disposition-0.5.2.tgz#0cf68bb9ddf5f2be7961c3a85178cb85dba78cb4"
    integrity sha1-DPaLud318r55YcOoUXjLhdunjLQ=
  
  content-disposition@0.5.3:
    version "0.5.3"
    resolved "http://rea-sonatype-nexus.services.delivery.realestate.com.au/nexus/repository/rea-npm-all/content-disposition/-/content-disposition-0.5.3.tgz#e130caf7e7279087c5616c2007d0485698984fbd"
    integrity sha512-ExO0774ikEObIAEV9kDo50o+79VCUdEB6n6lzKgGwupcVeRlhrj3qGAfwq8G6uBJjkqLrhT0qEYFcWng8z1z0g==
    dependencies:
      safe-buffer "5.1.2"
  
  content-type@~1.0.4:
    version "1.0.4"
    resolved "http://rea-sonatype-nexus.services.delivery.realestate.com.au/nexus/repository/rea-npm-all/content-type/-/content-type-1.0.4.tgz#e138cc75e040c727b1966fe5e5f8c9aee256fe3b"
    integrity sha512-hIP3EEPs8tB9AT1L+NUqtwOAps4mk2Zob89MWXMHjHWg9milF/j4osnnQLXBCBFBk/tvIG/tUc9mOUJiPBhPXA==
  
  cookie-parser@~1.4.4:
    version "1.4.5"
    resolved "http://rea-sonatype-nexus.services.delivery.realestate.com.au/nexus/repository/rea-npm-all/cookie-parser/-/cookie-parser-1.4.5.tgz#3e572d4b7c0c80f9c61daf604e4336831b5d1d49"
    integrity sha512-f13bPUj/gG/5mDr+xLmSxxDsB9DQiTIfhJS/sqjrmfAWiAN+x2O4i/XguTL9yDZ+/IFDanJ+5x7hC4CXT9Tdzw==
    dependencies:
      cookie "0.4.0"
      cookie-signature "1.0.6"
  
  cookie-signature@1.0.6:
    version "1.0.6"
    resolved "http://rea-sonatype-nexus.services.delivery.realestate.com.au/nexus/repository/rea-npm-all/cookie-signature/-/cookie-signature-1.0.6.tgz#e303a882b342cc3ee8ca513a79999734dab3ae2c"
    integrity sha1-4wOogrNCzD7oylE6eZmXNNqzriw=
  
  cookie@0.3.1:
    version "0.3.1"
    resolved "http://rea-sonatype-nexus.services.delivery.realestate.com.au/nexus/repository/rea-npm-all/cookie/-/cookie-0.3.1.tgz#e7e0a1f9ef43b4c8ba925c5c5a96e806d16873bb"
    integrity sha1-5+Ch+e9DtMi6klxcWpboBtFoc7s=
  
  cookie@0.4.0:
    version "0.4.0"
    resolved "http://rea-sonatype-nexus.services.delivery.realestate.com.au/nexus/repository/rea-npm-all/cookie/-/cookie-0.4.0.tgz#beb437e7022b3b6d49019d088665303ebe9c14ba"
    integrity sha512-+Hp8fLp57wnUSt0tY0tHEXh4voZRDnoIrZPqlo3DPiI4y9lwg/jqx+1Om94/W6ZaPDOUbnjOt/99w66zk+l1Xg==
  
  core-js@^2.4.0:
    version "2.6.12"
    resolved "http://rea-sonatype-nexus.services.delivery.realestate.com.au/nexus/repository/rea-npm-all/core-js/-/core-js-2.6.12.tgz#d9333dfa7b065e347cc5682219d6f690859cc2ec"
    integrity sha512-Kb2wC0fvsWfQrgk8HU5lW6U/Lcs8+9aaYcy4ZFc6DDlo4nZ7n70dEgE5rtR0oG6ufKDUnrwfWL1mXR5ljDatrQ==
  
  core-js@^3.0.1:
    version "3.8.3"
    resolved "http://rea-sonatype-nexus.services.delivery.realestate.com.au/nexus/repository/rea-npm-all/core-js/-/core-js-3.8.3.tgz#c21906e1f14f3689f93abcc6e26883550dd92dd0"
    integrity sha512-KPYXeVZYemC2TkNEkX/01I+7yd+nX3KddKwZ1Ww7SKWdI2wQprSgLmrTddT8nw92AjEklTsPBoSdQBhbI1bQ6Q==
  
  cors@^2.8.4, cors@^2.8.5:
    version "2.8.5"
    resolved "http://rea-sonatype-nexus.services.delivery.realestate.com.au/nexus/repository/rea-npm-all/cors/-/cors-2.8.5.tgz#eac11da51592dd86b9f06f6e7ac293b3df875d29"
    integrity sha512-KIHbLJqu73RGr/hnbrO9uBeixNGuvSQjul/jdFvS/KFSIH1hWVd1ng7zOHx+YrEfInLG7q4n6GHQ9cDtxv/P6g==
    dependencies:
      object-assign "^4"
      vary "^1"
  
  cssfilter@0.0.10:
    version "0.0.10"
    resolved "http://rea-sonatype-nexus.services.delivery.realestate.com.au/nexus/repository/rea-npm-all/cssfilter/-/cssfilter-0.0.10.tgz#c6d2672632a2e5c83e013e6864a42ce8defd20ae"
    integrity sha1-xtJnJjKi5cg+AT5oZKQs6N79IK4=
  
  debug@2.6.9, debug@~2.6.9:
    version "2.6.9"
    resolved "http://rea-sonatype-nexus.services.delivery.realestate.com.au/nexus/repository/rea-npm-all/debug/-/debug-2.6.9.tgz#5d128515df134ff327e90a4c93f4e077a536341f"
    integrity sha512-bC7ElrdJaJnPbAP+1EotYvqZsb3ecl5wi6Bfi6BJTUcNowp6cvspg0jXznRTKDjm/E7AdgFBVeAPVMNcKGsHMA==
    dependencies:
      ms "2.0.0"
  
  decamelize@^1.0.0:
    version "1.2.0"
    resolved "http://rea-sonatype-nexus.services.delivery.realestate.com.au/nexus/repository/rea-npm-all/decamelize/-/decamelize-1.2.0.tgz#f6534d15148269b20352e7bee26f501f9a191290"
    integrity sha1-9lNNFRSCabIDUue+4m9QH5oZEpA=
  
  define-properties@^1.1.3:
    version "1.1.3"
    resolved "http://rea-sonatype-nexus.services.delivery.realestate.com.au/nexus/repository/rea-npm-all/define-properties/-/define-properties-1.1.3.tgz#cf88da6cbee26fe6db7094f61d870cbd84cee9f1"
    integrity sha512-3MqfYKj2lLzdMSf8ZIZE/V+Zuy+BgD6f164e8K2w7dgnpKArBDerGYpM46IYYcjnkdPNMjPk9A6VFB8+3SKlXQ==
    dependencies:
      object-keys "^1.0.12"
  
  delayed-stream@~1.0.0:
    version "1.0.0"
    resolved "http://rea-sonatype-nexus.services.delivery.realestate.com.au/nexus/repository/rea-npm-all/delayed-stream/-/delayed-stream-1.0.0.tgz#df3ae199acadfb7d440aaae0b29e2272b24ec619"
    integrity sha1-3zrhmayt+31ECqrgsp4icrJOxhk=
  
  depd@~1.1.2:
    version "1.1.2"
    resolved "http://rea-sonatype-nexus.services.delivery.realestate.com.au/nexus/repository/rea-npm-all/depd/-/depd-1.1.2.tgz#9bcd52e14c097763e749b274c4346ed2e560b5a9"
    integrity sha1-m81S4UwJd2PnSbJ0xDRu0uVgtak=
  
  deprecated-decorator@^0.1.6:
    version "0.1.6"
    resolved "http://rea-sonatype-nexus.services.delivery.realestate.com.au/nexus/repository/rea-npm-all/deprecated-decorator/-/deprecated-decorator-0.1.6.tgz#00966317b7a12fe92f3cc831f7583af329b86c37"
    integrity sha1-AJZjF7ehL+kvPMgx91g68ym4bDc=
  
  destroy@~1.0.4:
    version "1.0.4"
    resolved "http://rea-sonatype-nexus.services.delivery.realestate.com.au/nexus/repository/rea-npm-all/destroy/-/destroy-1.0.4.tgz#978857442c44749e4206613e37946205826abd80"
    integrity sha1-l4hXRCxEdJ5CBmE+N5RiBYJqvYA=
  
  dicer@0.3.0:
    version "0.3.0"
    resolved "http://rea-sonatype-nexus.services.delivery.realestate.com.au/nexus/repository/rea-npm-all/dicer/-/dicer-0.3.0.tgz#eacd98b3bfbf92e8ab5c2fdb71aaac44bb06b872"
    integrity sha512-MdceRRWqltEG2dZqO769g27N/3PXfcKl04VhYnBlo2YhH7zPi88VebsjTKclaOyiuMaGU72hTfw3VkUitGcVCA==
    dependencies:
      streamsearch "0.1.2"
  
  doctypes@^1.1.0:
    version "1.1.0"
    resolved "http://rea-sonatype-nexus.services.delivery.realestate.com.au/nexus/repository/rea-npm-all/doctypes/-/doctypes-1.1.0.tgz#ea80b106a87538774e8a3a4a5afe293de489e0a9"
    integrity sha1-6oCxBqh1OHdOijpKWv4pPeSJ4Kk=
  
  ee-first@1.1.1:
    version "1.1.1"
    resolved "http://rea-sonatype-nexus.services.delivery.realestate.com.au/nexus/repository/rea-npm-all/ee-first/-/ee-first-1.1.1.tgz#590c61156b0ae2f4f0255732a158b266bc56b21d"
    integrity sha1-WQxhFWsK4vTwJVcyoViyZrxWsh0=
  
  encodeurl@~1.0.2:
    version "1.0.2"
    resolved "http://rea-sonatype-nexus.services.delivery.realestate.com.au/nexus/repository/rea-npm-all/encodeurl/-/encodeurl-1.0.2.tgz#ad3ff4c86ec2d029322f5a02c3a9a606c95b3f59"
    integrity sha1-rT/0yG7C0CkyL1oCw6mmBslbP1k=
  
  es-abstract@^1.18.0-next.1:
    version "1.18.0-next.2"
    resolved "http://rea-sonatype-nexus.services.delivery.realestate.com.au/nexus/repository/rea-npm-all/es-abstract/-/es-abstract-1.18.0-next.2.tgz#088101a55f0541f595e7e057199e27ddc8f3a5c2"
    integrity sha512-Ih4ZMFHEtZupnUh6497zEL4y2+w8+1ljnCyaTa+adcoafI1GOvMwFlDjBLfWR7y9VLfrjRJe9ocuHY1PSR9jjw==
    dependencies:
      call-bind "^1.0.2"
      es-to-primitive "^1.2.1"
      function-bind "^1.1.1"
      get-intrinsic "^1.0.2"
      has "^1.0.3"
      has-symbols "^1.0.1"
      is-callable "^1.2.2"
      is-negative-zero "^2.0.1"
      is-regex "^1.1.1"
      object-inspect "^1.9.0"
      object-keys "^1.1.1"
      object.assign "^4.1.2"
      string.prototype.trimend "^1.0.3"
      string.prototype.trimstart "^1.0.3"
  
  es-to-primitive@^1.2.1:
    version "1.2.1"
    resolved "http://rea-sonatype-nexus.services.delivery.realestate.com.au/nexus/repository/rea-npm-all/es-to-primitive/-/es-to-primitive-1.2.1.tgz#e55cd4c9cdc188bcefb03b366c736323fc5c898a"
    integrity sha512-QCOllgZJtaUo9miYBcLChTUaHNjJF3PYs1VidD7AwiEj1kYxKeQTctLAezAOH5ZKRH0g2IgPn6KwB4IT8iRpvA==
    dependencies:
      is-callable "^1.1.4"
      is-date-object "^1.0.1"
      is-symbol "^1.0.2"
  
  escape-html@~1.0.3:
    version "1.0.3"
    resolved "http://rea-sonatype-nexus.services.delivery.realestate.com.au/nexus/repository/rea-npm-all/escape-html/-/escape-html-1.0.3.tgz#0258eae4d3d0c0974de1c169188ef0051d1d1988"
    integrity sha1-Aljq5NPQwJdN4cFpGI7wBR0dGYg=
  
  esutils@^2.0.2:
    version "2.0.3"
    resolved "http://rea-sonatype-nexus.services.delivery.realestate.com.au/nexus/repository/rea-npm-all/esutils/-/esutils-2.0.3.tgz#74d2eb4de0b8da1293711910d50775b9b710ef64"
    integrity sha512-kVscqXk4OCp68SZ0dkgEKVi6/8ij300KBWTJq32P/dYeWTSwK41WyTxalN1eRmA5Z9UU/LX9D7FWSmV9SAYx6g==
  
  etag@~1.8.1:
    version "1.8.1"
    resolved "http://rea-sonatype-nexus.services.delivery.realestate.com.au/nexus/repository/rea-npm-all/etag/-/etag-1.8.1.tgz#41ae2eeb65efa62268aebfea83ac7d79299b0887"
    integrity sha1-Qa4u62XvpiJorr/qg6x9eSmbCIc=
  
  eventemitter3@^3.1.0:
    version "3.1.2"
    resolved "http://rea-sonatype-nexus.services.delivery.realestate.com.au/nexus/repository/rea-npm-all/eventemitter3/-/eventemitter3-3.1.2.tgz#2d3d48f9c346698fce83a85d7d664e98535df6e7"
    integrity sha512-tvtQIeLVHjDkJYnzf2dgVMxfuSGJeM/7UCG17TT4EumTfNtF+0nebF/4zWOIkCreAbtNqhGEboB6BWrwqNaw4Q==
  
  express@^4.17.1:
    version "4.17.1"
    resolved "http://rea-sonatype-nexus.services.delivery.realestate.com.au/nexus/repository/rea-npm-all/express/-/express-4.17.1.tgz#4491fc38605cf51f8629d39c2b5d026f98a4c134"
    integrity sha512-mHJ9O79RqluphRrcw2X/GTh3k9tVv8YcoyY4Kkh4WDMUYKRZUq0h1o0w2rrrxBqM7VoeUVqgb27xlEMXTnYt4g==
    dependencies:
      accepts "~1.3.7"
      array-flatten "1.1.1"
      body-parser "1.19.0"
      content-disposition "0.5.3"
      content-type "~1.0.4"
      cookie "0.4.0"
      cookie-signature "1.0.6"
      debug "2.6.9"
      depd "~1.1.2"
      encodeurl "~1.0.2"
      escape-html "~1.0.3"
      etag "~1.8.1"
      finalhandler "~1.1.2"
      fresh "0.5.2"
      merge-descriptors "1.0.1"
      methods "~1.1.2"
      on-finished "~2.3.0"
      parseurl "~1.3.3"
      path-to-regexp "0.1.7"
      proxy-addr "~2.0.5"
      qs "6.7.0"
      range-parser "~1.2.1"
      safe-buffer "5.1.2"
      send "0.17.1"
      serve-static "1.14.1"
      setprototypeof "1.1.1"
      statuses "~1.5.0"
      type-is "~1.6.18"
      utils-merge "1.0.1"
      vary "~1.1.2"
  
  express@~4.16.1:
    version "4.16.4"
    resolved "http://rea-sonatype-nexus.services.delivery.realestate.com.au/nexus/repository/rea-npm-all/express/-/express-4.16.4.tgz#fddef61926109e24c515ea97fd2f1bdbf62df12e"
    integrity sha512-j12Uuyb4FMrd/qQAm6uCHAkPtO8FDTRJZBDd5D2KOL2eLaz1yUNdUB/NOIyq0iU4q4cFarsUCrnFDPBcnksuOg==
    dependencies:
      accepts "~1.3.5"
      array-flatten "1.1.1"
      body-parser "1.18.3"
      content-disposition "0.5.2"
      content-type "~1.0.4"
      cookie "0.3.1"
      cookie-signature "1.0.6"
      debug "2.6.9"
      depd "~1.1.2"
      encodeurl "~1.0.2"
      escape-html "~1.0.3"
      etag "~1.8.1"
      finalhandler "1.1.1"
      fresh "0.5.2"
      merge-descriptors "1.0.1"
      methods "~1.1.2"
      on-finished "~2.3.0"
      parseurl "~1.3.2"
      path-to-regexp "0.1.7"
      proxy-addr "~2.0.4"
      qs "6.5.2"
      range-parser "~1.2.0"
      safe-buffer "5.1.2"
      send "0.16.2"
      serve-static "1.13.2"
      setprototypeof "1.1.0"
      statuses "~1.4.0"
      type-is "~1.6.16"
      utils-merge "1.0.1"
      vary "~1.1.2"
  
  fast-json-stable-stringify@^2.0.0:
    version "2.1.0"
    resolved "http://rea-sonatype-nexus.services.delivery.realestate.com.au/nexus/repository/rea-npm-all/fast-json-stable-stringify/-/fast-json-stable-stringify-2.1.0.tgz#874bf69c6f404c2b5d99c481341399fd55892633"
    integrity sha512-lhd/wF+Lk98HZoTCtlVraHtfh5XYijIjalXck7saUtuanSDyLMxnHhSXEDJqHxD7msR8D0uCmqlkwjCV8xvwHw==
  
  finalhandler@1.1.1:
    version "1.1.1"
    resolved "http://rea-sonatype-nexus.services.delivery.realestate.com.au/nexus/repository/rea-npm-all/finalhandler/-/finalhandler-1.1.1.tgz#eebf4ed840079c83f4249038c9d703008301b105"
    integrity sha512-Y1GUDo39ez4aHAw7MysnUD5JzYX+WaIj8I57kO3aEPT1fFRL4sr7mjei97FgnwhAyyzRYmQZaTHb2+9uZ1dPtg==
    dependencies:
      debug "2.6.9"
      encodeurl "~1.0.2"
      escape-html "~1.0.3"
      on-finished "~2.3.0"
      parseurl "~1.3.2"
      statuses "~1.4.0"
      unpipe "~1.0.0"
  
  finalhandler@~1.1.2:
    version "1.1.2"
    resolved "http://rea-sonatype-nexus.services.delivery.realestate.com.au/nexus/repository/rea-npm-all/finalhandler/-/finalhandler-1.1.2.tgz#b7e7d000ffd11938d0fdb053506f6ebabe9f587d"
    integrity sha512-aAWcW57uxVNrQZqFXjITpW3sIUQmHGG3qSb9mUah9MgMC4NeWhNOlNjXEYq3HjRAvL6arUviZGGJsBg6z0zsWA==
    dependencies:
      debug "2.6.9"
      encodeurl "~1.0.2"
      escape-html "~1.0.3"
      on-finished "~2.3.0"
      parseurl "~1.3.3"
      statuses "~1.5.0"
      unpipe "~1.0.0"
  
  for-each@^0.3.3:
    version "0.3.3"
    resolved "http://rea-sonatype-nexus.services.delivery.realestate.com.au/nexus/repository/rea-npm-all/for-each/-/for-each-0.3.3.tgz#69b447e88a0a5d32c3e7084f3f1710034b21376e"
    integrity sha512-jqYfLp7mo9vIyQf8ykW2v7A+2N4QjeCeI5+Dz9XraiO1ign81wjiH7Fb9vSOWvQfNtmSa4H2RoQTrrXivdUZmw==
    dependencies:
      is-callable "^1.1.3"
  
  form-data@^3.0.0:
    version "3.0.0"
    resolved "http://rea-sonatype-nexus.services.delivery.realestate.com.au/nexus/repository/rea-npm-all/form-data/-/form-data-3.0.0.tgz#31b7e39c85f1355b7139ee0c647cf0de7f83c682"
    integrity sha512-CKMFDglpbMi6PyN+brwB9Q/GOw0eAnsrEZDgcsH5Krhz5Od/haKHAX0NmQfha2zPPz0JpWzA7GJHGSnvCRLWsg==
    dependencies:
      asynckit "^0.4.0"
      combined-stream "^1.0.8"
      mime-types "^2.1.12"
  
  forwarded@~0.1.2:
    version "0.1.2"
    resolved "http://rea-sonatype-nexus.services.delivery.realestate.com.au/nexus/repository/rea-npm-all/forwarded/-/forwarded-0.1.2.tgz#98c23dab1175657b8c0573e8ceccd91b0ff18c84"
    integrity sha1-mMI9qxF1ZXuMBXPozszZGw/xjIQ=
  
  fresh@0.5.2:
    version "0.5.2"
    resolved "http://rea-sonatype-nexus.services.delivery.realestate.com.au/nexus/repository/rea-npm-all/fresh/-/fresh-0.5.2.tgz#3d8cadd90d976569fa835ab1f8e4b23a105605a7"
    integrity sha1-PYyt2Q2XZWn6g1qx+OSyOhBWBac=
  
  fs-capacitor@^2.0.4:
    version "2.0.4"
    resolved "http://rea-sonatype-nexus.services.delivery.realestate.com.au/nexus/repository/rea-npm-all/fs-capacitor/-/fs-capacitor-2.0.4.tgz#5a22e72d40ae5078b4fe64fe4d08c0d3fc88ad3c"
    integrity sha512-8S4f4WsCryNw2mJJchi46YgB6CR5Ze+4L1h8ewl9tEpL4SJ3ZO+c/bS4BWhB8bK+O3TMqhuZarTitd0S0eh2pA==
  
  function-bind@^1.1.1:
    version "1.1.1"
    resolved "http://rea-sonatype-nexus.services.delivery.realestate.com.au/nexus/repository/rea-npm-all/function-bind/-/function-bind-1.1.1.tgz#a56899d3ea3c9bab874bb9773b7c5ede92f4895d"
    integrity sha512-yIovAzMX49sF8Yl58fSCWJ5svSLuaibPxXQJFLmBObTuCr0Mf1KiPopGM9NiFjiYBCbfaa2Fh6breQ6ANVTI0A==
  
  get-intrinsic@^1.0.2:
    version "1.1.1"
    resolved "http://rea-sonatype-nexus.services.delivery.realestate.com.au/nexus/repository/rea-npm-all/get-intrinsic/-/get-intrinsic-1.1.1.tgz#15f59f376f855c446963948f0d24cd3637b4abc6"
    integrity sha512-kWZrnVM42QCiEA2Ig1bG8zjoIMOgxWwYCEeNdwY6Tv/cOSeGpcoX4pXHfKUxNKVoArnrEr2e9srnAxxGIraS9Q==
    dependencies:
      function-bind "^1.1.1"
      has "^1.0.3"
      has-symbols "^1.0.1"
  
  "graceful-readlink@>= 1.0.0":
    version "1.0.1"
    resolved "http://rea-sonatype-nexus.services.delivery.realestate.com.au/nexus/repository/rea-npm-all/graceful-readlink/-/graceful-readlink-1.0.1.tgz#4cafad76bc62f02fa039b2f94e9a3dd3a391a725"
    integrity sha1-TK+tdrxi8C+gObL5Tpo906ORpyU=
  
  graphql-extensions@^0.12.8:
    version "0.12.8"
    resolved "http://rea-sonatype-nexus.services.delivery.realestate.com.au/nexus/repository/rea-npm-all/graphql-extensions/-/graphql-extensions-0.12.8.tgz#9cdc2c43d8fe5e0f6c3177a004ac011da2a8aa0f"
    integrity sha512-xjsSaB6yKt9jarFNNdivl2VOx52WySYhxPgf8Y16g6GKZyAzBoIFiwyGw5PJDlOSUa6cpmzn6o7z8fVMbSAbkg==
    dependencies:
      "@apollographql/apollo-tools" "^0.4.3"
      apollo-server-env "^3.0.0"
      apollo-server-types "^0.6.3"
  
  graphql-subscriptions@^1.0.0:
    version "1.1.0"
    resolved "http://rea-sonatype-nexus.services.delivery.realestate.com.au/nexus/repository/rea-npm-all/graphql-subscriptions/-/graphql-subscriptions-1.1.0.tgz#5f2fa4233eda44cf7570526adfcf3c16937aef11"
    integrity sha512-6WzlBFC0lWmXJbIVE8OgFgXIP4RJi3OQgTPa0DVMsDXdpRDjTsM1K9wfl5HSYX7R87QAGlvcv2Y4BIZa/ItonA==
    dependencies:
      iterall "^1.2.1"
  
  graphql-tag@^2.11.0:
    version "2.11.0"
    resolved "http://rea-sonatype-nexus.services.delivery.realestate.com.au/nexus/repository/rea-npm-all/graphql-tag/-/graphql-tag-2.11.0.tgz#1deb53a01c46a7eb401d6cb59dec86fa1cccbffd"
    integrity sha512-VmsD5pJqWJnQZMUeRwrDhfgoyqcfwEkvtpANqcoUG8/tOLkwNgU9mzub/Mc78OJMhHjx7gfAMTxzdG43VGg3bA==
  
  graphql-tools@^4.0.0:
    version "4.0.8"
    resolved "http://rea-sonatype-nexus.services.delivery.realestate.com.au/nexus/repository/rea-npm-all/graphql-tools/-/graphql-tools-4.0.8.tgz#e7fb9f0d43408fb0878ba66b522ce871bafe9d30"
    integrity sha512-MW+ioleBrwhRjalKjYaLQbr+920pHBgy9vM/n47sswtns8+96sRn5M/G+J1eu7IMeKWiN/9p6tmwCHU7552VJg==
    dependencies:
      apollo-link "^1.2.14"
      apollo-utilities "^1.0.1"
      deprecated-decorator "^0.1.6"
      iterall "^1.1.3"
      uuid "^3.1.0"
  
  graphql-upload@^8.0.2:
    version "8.1.0"
    resolved "http://rea-sonatype-nexus.services.delivery.realestate.com.au/nexus/repository/rea-npm-all/graphql-upload/-/graphql-upload-8.1.0.tgz#6d0ab662db5677a68bfb1f2c870ab2544c14939a"
    integrity sha512-U2OiDI5VxYmzRKw0Z2dmfk0zkqMRaecH9Smh1U277gVgVe9Qn+18xqf4skwr4YJszGIh7iQDZ57+5ygOK9sM/Q==
    dependencies:
      busboy "^0.3.1"
      fs-capacitor "^2.0.4"
      http-errors "^1.7.3"
      object-path "^0.11.4"
  
  graphql@^15.3.0, graphql@^15.5.0:
    version "15.5.0"
    resolved "http://rea-sonatype-nexus.services.delivery.realestate.com.au/nexus/repository/rea-npm-all/graphql/-/graphql-15.5.0.tgz#39d19494dbe69d1ea719915b578bf920344a69d5"
    integrity sha512-OmaM7y0kaK31NKG31q4YbD2beNYa6jBBKtMFT6gLYJljHLJr42IqJ8KX08u3Li/0ifzTU5HjmoOOrwa5BRLeDA==
  
  has-symbols@^1.0.1:
    version "1.0.1"
    resolved "http://rea-sonatype-nexus.services.delivery.realestate.com.au/nexus/repository/rea-npm-all/has-symbols/-/has-symbols-1.0.1.tgz#9f5214758a44196c406d9bd76cebf81ec2dd31e8"
    integrity sha512-PLcsoqu++dmEIZB+6totNFKq/7Do+Z0u4oT0zKOJNl3lYK6vGwwu2hjHs+68OEZbTjiUE9bgOABXbP/GvrS0Kg==
  
  has@^1.0.3:
    version "1.0.3"
    resolved "http://rea-sonatype-nexus.services.delivery.realestate.com.au/nexus/repository/rea-npm-all/has/-/has-1.0.3.tgz#722d7cbfc1f6aa8241f16dd814e011e1f41e8796"
    integrity sha512-f2dvO0VU6Oej7RkWJGrehjbzMAjFp5/VKPp5tTpWIV4JHHZK1/BxbFRtf/siA2SWTe09caDmVtYYzWEIbBS4zw==
    dependencies:
      function-bind "^1.1.1"
  
  http-errors@1.6.3, http-errors@~1.6.2, http-errors@~1.6.3:
    version "1.6.3"
    resolved "http://rea-sonatype-nexus.services.delivery.realestate.com.au/nexus/repository/rea-npm-all/http-errors/-/http-errors-1.6.3.tgz#8b55680bb4be283a0b5bf4ea2e38580be1d9320d"
    integrity sha1-i1VoC7S+KDoLW/TqLjhYC+HZMg0=
    dependencies:
      depd "~1.1.2"
      inherits "2.0.3"
      setprototypeof "1.1.0"
      statuses ">= 1.4.0 < 2"
  
  http-errors@1.7.2:
    version "1.7.2"
    resolved "http://rea-sonatype-nexus.services.delivery.realestate.com.au/nexus/repository/rea-npm-all/http-errors/-/http-errors-1.7.2.tgz#4f5029cf13239f31036e5b2e55292bcfbcc85c8f"
    integrity sha512-uUQBt3H/cSIVfch6i1EuPNy/YsRSOUBXTVfZ+yR7Zjez3qjBz6i9+i4zjNaoqcoFVI4lQJ5plg63TvGfRSDCRg==
    dependencies:
      depd "~1.1.2"
      inherits "2.0.3"
      setprototypeof "1.1.1"
      statuses ">= 1.5.0 < 2"
      toidentifier "1.0.0"
  
  http-errors@^1.7.3:
    version "1.8.0"
    resolved "http://rea-sonatype-nexus.services.delivery.realestate.com.au/nexus/repository/rea-npm-all/http-errors/-/http-errors-1.8.0.tgz#75d1bbe497e1044f51e4ee9e704a62f28d336507"
    integrity sha512-4I8r0C5JDhT5VkvI47QktDW75rNlGVsUf/8hzjCC/wkWI/jdTRmBb9aI7erSG82r1bjKY3F6k28WnsVxB1C73A==
    dependencies:
      depd "~1.1.2"
      inherits "2.0.4"
      setprototypeof "1.2.0"
      statuses ">= 1.5.0 < 2"
      toidentifier "1.0.0"
  
  http-errors@~1.7.2:
    version "1.7.3"
    resolved "http://rea-sonatype-nexus.services.delivery.realestate.com.au/nexus/repository/rea-npm-all/http-errors/-/http-errors-1.7.3.tgz#6c619e4f9c60308c38519498c14fbb10aacebb06"
    integrity sha512-ZTTX0MWrsQ2ZAhA1cejAwDLycFsd7I7nVtnkT3Ol0aqodaKW+0CTZDQ1uBv5whptCnc8e8HeRRJxRs0kmm/Qfw==
    dependencies:
      depd "~1.1.2"
      inherits "2.0.4"
      setprototypeof "1.1.1"
      statuses ">= 1.5.0 < 2"
      toidentifier "1.0.0"
  
  iconv-lite@0.4.23:
    version "0.4.23"
    resolved "http://rea-sonatype-nexus.services.delivery.realestate.com.au/nexus/repository/rea-npm-all/iconv-lite/-/iconv-lite-0.4.23.tgz#297871f63be507adcfbfca715d0cd0eed84e9a63"
    integrity sha512-neyTUVFtahjf0mB3dZT77u+8O0QB89jFdnBkd5P1JgYPbPaia3gXXOVL2fq8VyU2gMMD7SaN7QukTB/pmXYvDA==
    dependencies:
      safer-buffer ">= 2.1.2 < 3"
  
  iconv-lite@0.4.24:
    version "0.4.24"
    resolved "http://rea-sonatype-nexus.services.delivery.realestate.com.au/nexus/repository/rea-npm-all/iconv-lite/-/iconv-lite-0.4.24.tgz#2022b4b25fbddc21d2f524974a474aafe733908b"
    integrity sha512-v3MXnZAcvnywkTUEZomIActle7RXXeedOR31wwl7VlyoXO4Qi9arvSenNQWne1TcRwhCL1HwLI21bEqdpj8/rA==
    dependencies:
      safer-buffer ">= 2.1.2 < 3"
  
  inherits@2.0.3:
    version "2.0.3"
    resolved "http://rea-sonatype-nexus.services.delivery.realestate.com.au/nexus/repository/rea-npm-all/inherits/-/inherits-2.0.3.tgz#633c2c83e3da42a502f52466022480f4208261de"
    integrity sha1-Yzwsg+PaQqUC9SRmAiSA9CCCYd4=
  
  inherits@2.0.4, inherits@^2.0.1:
    version "2.0.4"
    resolved "http://rea-sonatype-nexus.services.delivery.realestate.com.au/nexus/repository/rea-npm-all/inherits/-/inherits-2.0.4.tgz#0fa2c64f932917c3433a0ded55363aae37416b7c"
    integrity sha512-k/vGaX4/Yla3WzyMCvTQOXYeIHvqOKtnqBduzTHpzpQZzAskKMhZ2K+EnBiSM9zGSoIFeMpXKxa4dYeZIQqewQ==
  
  ipaddr.js@1.9.1:
    version "1.9.1"
    resolved "http://rea-sonatype-nexus.services.delivery.realestate.com.au/nexus/repository/rea-npm-all/ipaddr.js/-/ipaddr.js-1.9.1.tgz#bff38543eeb8984825079ff3a2a8e6cbd46781b3"
    integrity sha512-0KI/607xoxSToH7GjN1FfSbLoU0+btTicjsQSWQlh/hZykN8KpmMf7uYwPW3R+akZ6R/w18ZlXSHBYXiYUPO3g==
  
  is-buffer@^1.1.5:
    version "1.1.6"
    resolved "http://rea-sonatype-nexus.services.delivery.realestate.com.au/nexus/repository/rea-npm-all/is-buffer/-/is-buffer-1.1.6.tgz#efaa2ea9daa0d7ab2ea13a97b2b8ad51fefbe8be"
    integrity sha512-NcdALwpXkTm5Zvvbk7owOUSvVvBKDgKP5/ewfXEznmQFfs4ZRmanOeKBTjRVjka3QFoN6XJ+9F3USqfHqTaU5w==
  
  is-callable@^1.1.3, is-callable@^1.1.4, is-callable@^1.2.2:
    version "1.2.3"
    resolved "http://rea-sonatype-nexus.services.delivery.realestate.com.au/nexus/repository/rea-npm-all/is-callable/-/is-callable-1.2.3.tgz#8b1e0500b73a1d76c70487636f368e519de8db8e"
    integrity sha512-J1DcMe8UYTBSrKezuIUTUwjXsho29693unXM2YhJUTR2txK/eG47bvNa/wipPFmZFgr/N6f1GA66dv0mEyTIyQ==
  
  is-core-module@^2.1.0:
    version "2.2.0"
    resolved "http://rea-sonatype-nexus.services.delivery.realestate.com.au/nexus/repository/rea-npm-all/is-core-module/-/is-core-module-2.2.0.tgz#97037ef3d52224d85163f5597b2b63d9afed981a"
    integrity sha512-XRAfAdyyY5F5cOXn7hYQDqh2Xmii+DEfIcQGxK/uNwMHhIkPWO0g8msXcbzLe+MpGoR951MlqM/2iIlU4vKDdQ==
    dependencies:
      has "^1.0.3"
  
  is-date-object@^1.0.1:
    version "1.0.2"
    resolved "http://rea-sonatype-nexus.services.delivery.realestate.com.au/nexus/repository/rea-npm-all/is-date-object/-/is-date-object-1.0.2.tgz#bda736f2cd8fd06d32844e7743bfa7494c3bfd7e"
    integrity sha512-USlDT524woQ08aoZFzh3/Z6ch9Y/EWXEHQ/AaRN0SkKq4t2Jw2R2339tSXmwuVoY7LLlBCbOIlx2myP/L5zk0g==
  
  is-expression@^3.0.0:
    version "3.0.0"
    resolved "http://rea-sonatype-nexus.services.delivery.realestate.com.au/nexus/repository/rea-npm-all/is-expression/-/is-expression-3.0.0.tgz#39acaa6be7fd1f3471dc42c7416e61c24317ac9f"
    integrity sha1-Oayqa+f9HzRx3ELHQW5hwkMXrJ8=
    dependencies:
      acorn "~4.0.2"
      object-assign "^4.0.1"
  
  is-negative-zero@^2.0.1:
    version "2.0.1"
    resolved "http://rea-sonatype-nexus.services.delivery.realestate.com.au/nexus/repository/rea-npm-all/is-negative-zero/-/is-negative-zero-2.0.1.tgz#3de746c18dda2319241a53675908d8f766f11c24"
    integrity sha512-2z6JzQvZRa9A2Y7xC6dQQm4FSTSTNWjKIYYTt4246eMTJmIo0Q+ZyOsU66X8lxK1AbB92dFeglPLrhwpeRKO6w==
  
  is-promise@^2.0.0:
    version "2.2.2"
    resolved "http://rea-sonatype-nexus.services.delivery.realestate.com.au/nexus/repository/rea-npm-all/is-promise/-/is-promise-2.2.2.tgz#39ab959ccbf9a774cf079f7b40c7a26f763135f1"
    integrity sha512-+lP4/6lKUBfQjZ2pdxThZvLUAafmZb8OAxFb8XXtiQmS35INgr85hdOGoEs124ez1FCnZJt6jau/T+alh58QFQ==
  
  is-regex@^1.0.3, is-regex@^1.1.1:
    version "1.1.2"
    resolved "http://rea-sonatype-nexus.services.delivery.realestate.com.au/nexus/repository/rea-npm-all/is-regex/-/is-regex-1.1.2.tgz#81c8ebde4db142f2cf1c53fc86d6a45788266251"
    integrity sha512-axvdhb5pdhEVThqJzYXwMlVuZwC+FF2DpcOhTS+y/8jVq4trxyPgfcwIxIKiyeuLlSQYKkmUaPQJ8ZE4yNKXDg==
    dependencies:
      call-bind "^1.0.2"
      has-symbols "^1.0.1"
  
  is-symbol@^1.0.2:
    version "1.0.3"
    resolved "http://rea-sonatype-nexus.services.delivery.realestate.com.au/nexus/repository/rea-npm-all/is-symbol/-/is-symbol-1.0.3.tgz#38e1014b9e6329be0de9d24a414fd7441ec61937"
    integrity sha512-OwijhaRSgqvhm/0ZdAcXNZt9lYdKFpcRDT5ULUuYXPoT794UNOdU+gpT6Rzo7b4V2HUl/op6GqY894AZwv9faQ==
    dependencies:
      has-symbols "^1.0.1"
  
  iterall@^1.1.3, iterall@^1.2.1:
    version "1.3.0"
    resolved "http://rea-sonatype-nexus.services.delivery.realestate.com.au/nexus/repository/rea-npm-all/iterall/-/iterall-1.3.0.tgz#afcb08492e2915cbd8a0884eb93a8c94d0d72fea"
    integrity sha512-QZ9qOMdF+QLHxy1QIpUHUU1D5pS2CG2P69LF6L6CPjPYA/XMOmKV3PZpawHoAjHNyB0swdVTRxdYT4tbBbxqwg==
  
  js-stringify@^1.0.1:
    version "1.0.2"
    resolved "http://rea-sonatype-nexus.services.delivery.realestate.com.au/nexus/repository/rea-npm-all/js-stringify/-/js-stringify-1.0.2.tgz#1736fddfd9724f28a3682adc6230ae7e4e9679db"
    integrity sha1-Fzb939lyTyijaCrcYjCufk6Weds=
  
  jstransformer@1.0.0:
    version "1.0.0"
    resolved "http://rea-sonatype-nexus.services.delivery.realestate.com.au/nexus/repository/rea-npm-all/jstransformer/-/jstransformer-1.0.0.tgz#ed8bf0921e2f3f1ed4d5c1a44f68709ed24722c3"
    integrity sha1-7Yvwkh4vPx7U1cGkT2hwntJHIsM=
    dependencies:
      is-promise "^2.0.0"
      promise "^7.0.1"
  
  kind-of@^3.0.2:
    version "3.2.2"
    resolved "http://rea-sonatype-nexus.services.delivery.realestate.com.au/nexus/repository/rea-npm-all/kind-of/-/kind-of-3.2.2.tgz#31ea21a734bab9bbb0f32466d893aea51e4a3c64"
    integrity sha1-MeohpzS6ubuw8yRm2JOupR5KPGQ=
    dependencies:
      is-buffer "^1.1.5"
  
  lazy-cache@^1.0.3:
    version "1.0.4"
    resolved "http://rea-sonatype-nexus.services.delivery.realestate.com.au/nexus/repository/rea-npm-all/lazy-cache/-/lazy-cache-1.0.4.tgz#a1d78fc3a50474cb80845d3b3b6e1da49a446e8e"
    integrity sha1-odePw6UEdMuAhF07O24dpJpEbo4=
  
  lodash.sortby@^4.7.0:
    version "4.7.0"
    resolved "http://rea-sonatype-nexus.services.delivery.realestate.com.au/nexus/repository/rea-npm-all/lodash.sortby/-/lodash.sortby-4.7.0.tgz#edd14c824e2cc9c1e0b0a1b42bb5210516a42438"
    integrity sha1-7dFMgk4sycHgsKG0K7UhBRakJDg=
  
  lodash@^4.17.4:
    version "4.17.20"
    resolved "http://rea-sonatype-nexus.services.delivery.realestate.com.au/nexus/repository/rea-npm-all/lodash/-/lodash-4.17.20.tgz#b44a9b6297bcb698f1c51a3545a2b3b368d59c52"
    integrity sha512-PlhdFcillOINfeV7Ni6oF1TAEayyZBoZ8bcshTHqOYJYlrqzRK5hagpagky5o4HfCzzd1TRkXPMFq6cKk9rGmA==
  
  loglevel@^1.6.7:
    version "1.7.1"
    resolved "http://rea-sonatype-nexus.services.delivery.realestate.com.au/nexus/repository/rea-npm-all/loglevel/-/loglevel-1.7.1.tgz#005fde2f5e6e47068f935ff28573e125ef72f197"
    integrity sha512-Hesni4s5UkWkwCGJMQGAh71PaLUmKFM60dHvq0zi/vDhhrzuk+4GgNbTXJ12YYQJn6ZKBDNIjYcuQGKudvqrIw==
  
  long@^4.0.0:
    version "4.0.0"
    resolved "http://rea-sonatype-nexus.services.delivery.realestate.com.au/nexus/repository/rea-npm-all/long/-/long-4.0.0.tgz#9a7b71cfb7d361a194ea555241c92f7468d5bf28"
    integrity sha512-XsP+KhQif4bjX1kbuSiySJFNAehNxgLb6hPRGJ9QsUr8ajHkuXGdrHmFUTUUXhDwVX2R5bY4JNZEwbUiMhV+MA==
  
  longest@^1.0.1:
    version "1.0.1"
    resolved "http://rea-sonatype-nexus.services.delivery.realestate.com.au/nexus/repository/rea-npm-all/longest/-/longest-1.0.1.tgz#30a0b2da38f73770e8294a0d22e6625ed77d0097"
    integrity sha1-MKCy2jj3N3DoKUoNIuZiXtd9AJc=
  
  lru-cache@^6.0.0:
    version "6.0.0"
    resolved "http://rea-sonatype-nexus.services.delivery.realestate.com.au/nexus/repository/rea-npm-all/lru-cache/-/lru-cache-6.0.0.tgz#6d6fe6570ebd96aaf90fcad1dafa3b2566db3a94"
    integrity sha512-Jo6dJ04CmSjuznwJSS3pUeWmd/H0ffTlkXXgwZi+eq1UCmqQwCh+eLsYOYCwY991i2Fah4h1BEMCx4qThGbsiA==
    dependencies:
      yallist "^4.0.0"
  
  media-typer@0.3.0:
    version "0.3.0"
    resolved "http://rea-sonatype-nexus.services.delivery.realestate.com.au/nexus/repository/rea-npm-all/media-typer/-/media-typer-0.3.0.tgz#8710d7af0aa626f8fffa1ce00168545263255748"
    integrity sha1-hxDXrwqmJvj/+hzgAWhUUmMlV0g=
  
  merge-descriptors@1.0.1:
    version "1.0.1"
    resolved "http://rea-sonatype-nexus.services.delivery.realestate.com.au/nexus/repository/rea-npm-all/merge-descriptors/-/merge-descriptors-1.0.1.tgz#b00aaa556dd8b44568150ec9d1b953f3f90cbb61"
    integrity sha1-sAqqVW3YtEVoFQ7J0blT8/kMu2E=
  
  methods@~1.1.2:
    version "1.1.2"
    resolved "http://rea-sonatype-nexus.services.delivery.realestate.com.au/nexus/repository/rea-npm-all/methods/-/methods-1.1.2.tgz#5529a4d67654134edcc5266656835b0f851afcee"
    integrity sha1-VSmk1nZUE07cxSZmVoNbD4Ua/O4=
  
  mime-db@1.45.0:
    version "1.45.0"
    resolved "http://rea-sonatype-nexus.services.delivery.realestate.com.au/nexus/repository/rea-npm-all/mime-db/-/mime-db-1.45.0.tgz#cceeda21ccd7c3a745eba2decd55d4b73e7879ea"
    integrity sha512-CkqLUxUk15hofLoLyljJSrukZi8mAtgd+yE5uO4tqRZsdsAJKv0O+rFMhVDRJgozy+yG6md5KwuXhD4ocIoP+w==
  
  mime-types@^2.1.12, mime-types@~2.1.24:
    version "2.1.28"
    resolved "http://rea-sonatype-nexus.services.delivery.realestate.com.au/nexus/repository/rea-npm-all/mime-types/-/mime-types-2.1.28.tgz#1160c4757eab2c5363888e005273ecf79d2a0ecd"
    integrity sha512-0TO2yJ5YHYr7M2zzT7gDU1tbwHxEUWBCLt0lscSNpcdAfFyJOVEpRYNS7EXVcTLNj/25QO8gulHC5JtTzSE2UQ==
    dependencies:
      mime-db "1.45.0"
  
  mime@1.4.1:
    version "1.4.1"
    resolved "http://rea-sonatype-nexus.services.delivery.realestate.com.au/nexus/repository/rea-npm-all/mime/-/mime-1.4.1.tgz#121f9ebc49e3766f311a76e1fa1c8003c4b03aa6"
    integrity sha512-KI1+qOZu5DcW6wayYHSzR/tXKCDC5Om4s1z2QJjDULzLcmf3DvzS7oluY4HCTrc+9FiKmWUgeNLg7W3uIQvxtQ==
  
  mime@1.6.0:
    version "1.6.0"
    resolved "http://rea-sonatype-nexus.services.delivery.realestate.com.au/nexus/repository/rea-npm-all/mime/-/mime-1.6.0.tgz#32cd9e5c64553bd58d19a568af452acff04981b1"
    integrity sha512-x0Vn8spI+wuJ1O6S7gnbaQg8Pxh4NNHb7KSINmEWKiPE4RKOplvijn+NkmYmmRgP68mc70j2EbeTFRsrswaQeg==
  
  morgan@~1.9.1:
    version "1.9.1"
    resolved "http://rea-sonatype-nexus.services.delivery.realestate.com.au/nexus/repository/rea-npm-all/morgan/-/morgan-1.9.1.tgz#0a8d16734a1d9afbc824b99df87e738e58e2da59"
    integrity sha512-HQStPIV4y3afTiCYVxirakhlCfGkI161c76kKFca7Fk1JusM//Qeo1ej2XaMniiNeaZklMVrh3vTtIzpzwbpmA==
    dependencies:
      basic-auth "~2.0.0"
      debug "2.6.9"
      depd "~1.1.2"
      on-finished "~2.3.0"
      on-headers "~1.0.1"
  
  ms@2.0.0:
    version "2.0.0"
    resolved "http://rea-sonatype-nexus.services.delivery.realestate.com.au/nexus/repository/rea-npm-all/ms/-/ms-2.0.0.tgz#5608aeadfc00be6c2901df5f9861788de0d597c8"
    integrity sha1-VgiurfwAvmwpAd9fmGF4jeDVl8g=
  
  ms@2.1.1:
    version "2.1.1"
    resolved "http://rea-sonatype-nexus.services.delivery.realestate.com.au/nexus/repository/rea-npm-all/ms/-/ms-2.1.1.tgz#30a5864eb3ebb0a66f2ebe6d727af06a09d86e0a"
    integrity sha512-tgp+dl5cGk28utYktBsrFqA7HKgrhgPsg6Z/EfhWI4gl1Hwq8B/GmY/0oXZ6nF8hDVesS/FpnYaD/kOWhYQvyg==
  
  negotiator@0.6.2:
    version "0.6.2"
    resolved "http://rea-sonatype-nexus.services.delivery.realestate.com.au/nexus/repository/rea-npm-all/negotiator/-/negotiator-0.6.2.tgz#feacf7ccf525a77ae9634436a64883ffeca346fb"
    integrity sha512-hZXc7K2e+PgeI1eDBe/10Ard4ekbfrrqG8Ep+8Jmf4JID2bNg7NvCPOZN+kfF574pFQI7mum2AUqDidoKqcTOw==
  
  node-fetch@^2.1.2, node-fetch@^2.2.0:
    version "2.6.1"
    resolved "http://rea-sonatype-nexus.services.delivery.realestate.com.au/nexus/repository/rea-npm-all/node-fetch/-/node-fetch-2.6.1.tgz#045bd323631f76ed2e2b55573394416b639a0052"
    integrity sha512-V4aYg89jEoVRxRb2fJdAg8FHvI7cEyYdVAh94HH0UIK8oJxUfkjlDQN9RbMx+bEjP7+ggMiFRprSti032Oipxw==
  
  object-assign@^4, object-assign@^4.0.1, object-assign@^4.1.0:
    version "4.1.1"
    resolved "http://rea-sonatype-nexus.services.delivery.realestate.com.au/nexus/repository/rea-npm-all/object-assign/-/object-assign-4.1.1.tgz#2109adc7965887cfc05cbbd442cac8bfbb360863"
    integrity sha1-IQmtx5ZYh8/AXLvUQsrIv7s2CGM=
  
  object-inspect@^1.9.0:
    version "1.9.0"
    resolved "http://rea-sonatype-nexus.services.delivery.realestate.com.au/nexus/repository/rea-npm-all/object-inspect/-/object-inspect-1.9.0.tgz#c90521d74e1127b67266ded3394ad6116986533a"
    integrity sha512-i3Bp9iTqwhaLZBxGkRfo5ZbE07BQRT7MGu8+nNgwW9ItGp1TzCTw2DLEoWwjClxBjOFI/hWljTAmYGCEwmtnOw==
  
  object-keys@^1.0.12, object-keys@^1.1.1:
    version "1.1.1"
    resolved "http://rea-sonatype-nexus.services.delivery.realestate.com.au/nexus/repository/rea-npm-all/object-keys/-/object-keys-1.1.1.tgz#1c47f272df277f3b1daf061677d9c82e2322c60e"
    integrity sha512-NuAESUOUMrlIXOfHKzD6bpPu3tYt3xvjNdRIQ+FeT0lNb4K8WR70CaDxhuNguS2XG+GjkyMwOzsN5ZktImfhLA==
  
  object-path@^0.11.4:
    version "0.11.5"
    resolved "http://rea-sonatype-nexus.services.delivery.realestate.com.au/nexus/repository/rea-npm-all/object-path/-/object-path-0.11.5.tgz#d4e3cf19601a5140a55a16ad712019a9c50b577a"
    integrity sha512-jgSbThcoR/s+XumvGMTMf81QVBmah+/Q7K7YduKeKVWL7N111unR2d6pZZarSk6kY/caeNxUDyxOvMWyzoU2eg==
  
  object.assign@^4.1.2:
    version "4.1.2"
    resolved "http://rea-sonatype-nexus.services.delivery.realestate.com.au/nexus/repository/rea-npm-all/object.assign/-/object.assign-4.1.2.tgz#0ed54a342eceb37b38ff76eb831a0e788cb63940"
    integrity sha512-ixT2L5THXsApyiUPYKmW+2EHpXXe5Ii3M+f4e+aJFAHao5amFRW6J0OO6c/LU8Be47utCx2GL89hxGB6XSmKuQ==
    dependencies:
      call-bind "^1.0.0"
      define-properties "^1.1.3"
      has-symbols "^1.0.1"
      object-keys "^1.1.1"
  
  object.getownpropertydescriptors@^2.1.1:
    version "2.1.1"
    resolved "http://rea-sonatype-nexus.services.delivery.realestate.com.au/nexus/repository/rea-npm-all/object.getownpropertydescriptors/-/object.getownpropertydescriptors-2.1.1.tgz#0dfda8d108074d9c563e80490c883b6661091544"
    integrity sha512-6DtXgZ/lIZ9hqx4GtZETobXLR/ZLaa0aqV0kzbn80Rf8Z2e/XFnhA0I7p07N2wH8bBBltr2xQPi6sbKWAY2Eng==
    dependencies:
      call-bind "^1.0.0"
      define-properties "^1.1.3"
      es-abstract "^1.18.0-next.1"
  
  on-finished@~2.3.0:
    version "2.3.0"
    resolved "http://rea-sonatype-nexus.services.delivery.realestate.com.au/nexus/repository/rea-npm-all/on-finished/-/on-finished-2.3.0.tgz#20f1336481b083cd75337992a16971aa2d906947"
    integrity sha1-IPEzZIGwg811M3mSoWlxqi2QaUc=
    dependencies:
      ee-first "1.1.1"
  
  on-headers@~1.0.1:
    version "1.0.2"
    resolved "http://rea-sonatype-nexus.services.delivery.realestate.com.au/nexus/repository/rea-npm-all/on-headers/-/on-headers-1.0.2.tgz#772b0ae6aaa525c399e489adfad90c403eb3c28f"
    integrity sha512-pZAE+FJLoyITytdqK0U5s+FIpjN0JP3OzFi/u8Rx+EV5/W+JTWGXG8xFzevE7AjBfDqHv/8vL8qQsIhHnqRkrA==
  
  parseurl@^1.3.2, parseurl@~1.3.2, parseurl@~1.3.3:
    version "1.3.3"
    resolved "http://rea-sonatype-nexus.services.delivery.realestate.com.au/nexus/repository/rea-npm-all/parseurl/-/parseurl-1.3.3.tgz#9da19e7bee8d12dff0513ed5b76957793bc2e8d4"
    integrity sha512-CiyeOxFT/JZyN5m0z9PfXw4SCBJ6Sygz1Dpl0wqjlhDEGGBP1GnsUVEL0p63hoG1fcj3fHynXi9NYO4nWOL+qQ==
  
  path-parse@^1.0.6:
    version "1.0.6"
    resolved "http://rea-sonatype-nexus.services.delivery.realestate.com.au/nexus/repository/rea-npm-all/path-parse/-/path-parse-1.0.6.tgz#d62dbb5679405d72c4737ec58600e9ddcf06d24c"
    integrity sha512-GSmOT2EbHrINBf9SR7CDELwlJ8AENk3Qn7OikK4nFYAu3Ote2+JYNVvkpAEQm3/TLNEJFD/xZJjzyxg3KBWOzw==
  
  path-to-regexp@0.1.7:
    version "0.1.7"
    resolved "http://rea-sonatype-nexus.services.delivery.realestate.com.au/nexus/repository/rea-npm-all/path-to-regexp/-/path-to-regexp-0.1.7.tgz#df604178005f522f15eb4490e7247a1bfaa67f8c"
    integrity sha1-32BBeABfUi8V60SQ5yR6G/qmf4w=
  
  promise@^7.0.1:
    version "7.3.1"
    resolved "http://rea-sonatype-nexus.services.delivery.realestate.com.au/nexus/repository/rea-npm-all/promise/-/promise-7.3.1.tgz#064b72602b18f90f29192b8b1bc418ffd1ebd3bf"
    integrity sha512-nolQXZ/4L+bP/UGlkfaIujX9BKxGwmQ9OT4mOt5yvy8iK1h3wqTEJCijzGANTCCl9nWjY41juyAn2K3Q1hLLTg==
    dependencies:
      asap "~2.0.3"
  
  proxy-addr@~2.0.4, proxy-addr@~2.0.5:
    version "2.0.6"
    resolved "http://rea-sonatype-nexus.services.delivery.realestate.com.au/nexus/repository/rea-npm-all/proxy-addr/-/proxy-addr-2.0.6.tgz#fdc2336505447d3f2f2c638ed272caf614bbb2bf"
    integrity sha512-dh/frvCBVmSsDYzw6n926jv974gddhkFPfiN8hPOi30Wax25QZyZEGveluCgliBnqmuM+UJmBErbAUFIoDbjOw==
    dependencies:
      forwarded "~0.1.2"
      ipaddr.js "1.9.1"
  
  pug-attrs@^2.0.2:
    version "2.0.4"
    resolved "http://rea-sonatype-nexus.services.delivery.realestate.com.au/nexus/repository/rea-npm-all/pug-attrs/-/pug-attrs-2.0.4.tgz#b2f44c439e4eb4ad5d4ef25cac20d18ad28cc336"
    integrity sha512-TaZ4Z2TWUPDJcV3wjU3RtUXMrd3kM4Wzjbe3EWnSsZPsJ3LDI0F3yCnf2/W7PPFF+edUFQ0HgDL1IoxSz5K8EQ==
    dependencies:
      constantinople "^3.0.1"
      js-stringify "^1.0.1"
      pug-runtime "^2.0.5"
  
  pug-code-gen@^1.1.1:
    version "1.1.1"
    resolved "http://rea-sonatype-nexus.services.delivery.realestate.com.au/nexus/repository/rea-npm-all/pug-code-gen/-/pug-code-gen-1.1.1.tgz#1cf72744ef2a039eae6a3340caaa1105871258e8"
    integrity sha1-HPcnRO8qA56uajNAyqoRBYcSWOg=
    dependencies:
      constantinople "^3.0.1"
      doctypes "^1.1.0"
      js-stringify "^1.0.1"
      pug-attrs "^2.0.2"
      pug-error "^1.3.2"
      pug-runtime "^2.0.3"
      void-elements "^2.0.1"
      with "^5.0.0"
  
  pug-error@^1.3.2, pug-error@^1.3.3:
    version "1.3.3"
    resolved "http://rea-sonatype-nexus.services.delivery.realestate.com.au/nexus/repository/rea-npm-all/pug-error/-/pug-error-1.3.3.tgz#f342fb008752d58034c185de03602dd9ffe15fa6"
    integrity sha512-qE3YhESP2mRAWMFJgKdtT5D7ckThRScXRwkfo+Erqga7dyJdY3ZquspprMCj/9sJ2ijm5hXFWQE/A3l4poMWiQ==
  
  pug-filters@^2.1.1:
    version "2.1.5"
    resolved "http://rea-sonatype-nexus.services.delivery.realestate.com.au/nexus/repository/rea-npm-all/pug-filters/-/pug-filters-2.1.5.tgz#66bf6e80d97fbef829bab0aa35eddff33fc964f3"
    integrity sha512-xkw71KtrC4sxleKiq+cUlQzsiLn8pM5+vCgkChW2E6oNOzaqTSIBKIQ5cl4oheuDzvJYCTSYzRaVinMUrV4YLQ==
    dependencies:
      clean-css "^3.3.0"
      constantinople "^3.0.1"
      jstransformer "1.0.0"
      pug-error "^1.3.2"
      pug-walk "^1.1.5"
      resolve "^1.1.6"
      uglify-js "^2.6.1"
  
  pug-lexer@^3.0.0:
    version "3.1.0"
    resolved "http://rea-sonatype-nexus.services.delivery.realestate.com.au/nexus/repository/rea-npm-all/pug-lexer/-/pug-lexer-3.1.0.tgz#fd087376d4a675b4f59f8fef422883434e9581a2"
    integrity sha1-/QhzdtSmdbT1n4/vQiiDQ06VgaI=
    dependencies:
      character-parser "^2.1.1"
      is-expression "^3.0.0"
      pug-error "^1.3.2"
  
  pug-linker@^2.0.2:
    version "2.0.3"
    resolved "http://rea-sonatype-nexus.services.delivery.realestate.com.au/nexus/repository/rea-npm-all/pug-linker/-/pug-linker-2.0.3.tgz#b331ffa25737dde69c127b56c10ff17fae766dca"
    integrity sha1-szH/olc33eacEntWwQ/xf652bco=
    dependencies:
      pug-error "^1.3.2"
      pug-walk "^1.1.2"
  
  pug-load@^2.0.5:
    version "2.0.12"
    resolved "http://rea-sonatype-nexus.services.delivery.realestate.com.au/nexus/repository/rea-npm-all/pug-load/-/pug-load-2.0.12.tgz#d38c85eb85f6e2f704dea14dcca94144d35d3e7b"
    integrity sha512-UqpgGpyyXRYgJs/X60sE6SIf8UBsmcHYKNaOccyVLEuT6OPBIMo6xMPhoJnqtB3Q3BbO4Z3Bjz5qDsUWh4rXsg==
    dependencies:
      object-assign "^4.1.0"
      pug-walk "^1.1.8"
  
  pug-parser@^2.0.2:
    version "2.0.2"
    resolved "http://rea-sonatype-nexus.services.delivery.realestate.com.au/nexus/repository/rea-npm-all/pug-parser/-/pug-parser-2.0.2.tgz#53a680cfd05039dcb0c27d029094bc4a792689b0"
    integrity sha1-U6aAz9BQOdywwn0CkJS8SnkmibA=
    dependencies:
      pug-error "^1.3.2"
      token-stream "0.0.1"
  
  pug-runtime@^2.0.3, pug-runtime@^2.0.5:
    version "2.0.5"
    resolved "http://rea-sonatype-nexus.services.delivery.realestate.com.au/nexus/repository/rea-npm-all/pug-runtime/-/pug-runtime-2.0.5.tgz#6da7976c36bf22f68e733c359240d8ae7a32953a"
    integrity sha512-P+rXKn9un4fQY77wtpcuFyvFaBww7/91f3jHa154qU26qFAnOe6SW1CbIDcxiG5lLK9HazYrMCCuDvNgDQNptw==
  
  pug-strip-comments@^1.0.2:
    version "1.0.4"
    resolved "http://rea-sonatype-nexus.services.delivery.realestate.com.au/nexus/repository/rea-npm-all/pug-strip-comments/-/pug-strip-comments-1.0.4.tgz#cc1b6de1f6e8f5931cf02ec66cdffd3f50eaf8a8"
    integrity sha512-i5j/9CS4yFhSxHp5iKPHwigaig/VV9g+FgReLJWWHEHbvKsbqL0oP/K5ubuLco6Wu3Kan5p7u7qk8A4oLLh6vw==
    dependencies:
      pug-error "^1.3.3"
  
  pug-walk@^1.1.2, pug-walk@^1.1.5, pug-walk@^1.1.8:
    version "1.1.8"
    resolved "http://rea-sonatype-nexus.services.delivery.realestate.com.au/nexus/repository/rea-npm-all/pug-walk/-/pug-walk-1.1.8.tgz#b408f67f27912f8c21da2f45b7230c4bd2a5ea7a"
    integrity sha512-GMu3M5nUL3fju4/egXwZO0XLi6fW/K3T3VTgFQ14GxNi8btlxgT5qZL//JwZFm/2Fa64J/PNS8AZeys3wiMkVA==
  
  pug@2.0.0-beta11:
    version "2.0.0-beta11"
    resolved "http://rea-sonatype-nexus.services.delivery.realestate.com.au/nexus/repository/rea-npm-all/pug/-/pug-2.0.0-beta11.tgz#15abe6af5004c7e2cf4613e4b27465c9546b5f01"
    integrity sha1-Favmr1AEx+LPRhPksnRlyVRrXwE=
    dependencies:
      pug-code-gen "^1.1.1"
      pug-filters "^2.1.1"
      pug-lexer "^3.0.0"
      pug-linker "^2.0.2"
      pug-load "^2.0.5"
      pug-parser "^2.0.2"
      pug-runtime "^2.0.3"
      pug-strip-comments "^1.0.2"
  
  qs@6.5.2:
    version "6.5.2"
    resolved "http://rea-sonatype-nexus.services.delivery.realestate.com.au/nexus/repository/rea-npm-all/qs/-/qs-6.5.2.tgz#cb3ae806e8740444584ef154ce8ee98d403f3e36"
    integrity sha512-N5ZAX4/LxJmF+7wN74pUD6qAh9/wnvdQcjq9TZjevvXzSUo7bfmw91saqMjzGS2xq91/odN2dW/WOl7qQHNDGA==
  
  qs@6.7.0:
    version "6.7.0"
    resolved "http://rea-sonatype-nexus.services.delivery.realestate.com.au/nexus/repository/rea-npm-all/qs/-/qs-6.7.0.tgz#41dc1a015e3d581f1621776be31afb2876a9b1bc"
    integrity sha512-VCdBRNFTX1fyE7Nb6FYoURo/SPe62QCaAyzJvUjwRaIsc+NePBEniHlvxFmmX56+HZphIGtV0XeCirBtpDrTyQ==
  
  range-parser@~1.2.0, range-parser@~1.2.1:
    version "1.2.1"
    resolved "http://rea-sonatype-nexus.services.delivery.realestate.com.au/nexus/repository/rea-npm-all/range-parser/-/range-parser-1.2.1.tgz#3cf37023d199e1c24d1a55b84800c2f3e6468031"
    integrity sha512-Hrgsx+orqoygnmhFbKaHE6c296J+HTAQXoxEF6gNupROmmGJRoyzfG3ccAveqCBrwr/2yxQ5BVd/GTl5agOwSg==
  
  raw-body@2.3.3:
    version "2.3.3"
    resolved "http://rea-sonatype-nexus.services.delivery.realestate.com.au/nexus/repository/rea-npm-all/raw-body/-/raw-body-2.3.3.tgz#1b324ece6b5706e153855bc1148c65bb7f6ea0c3"
    integrity sha512-9esiElv1BrZoI3rCDuOuKCBRbuApGGaDPQfjSflGxdy4oyzqghxu6klEkkVIvBje+FF0BX9coEv8KqW6X/7njw==
    dependencies:
      bytes "3.0.0"
      http-errors "1.6.3"
      iconv-lite "0.4.23"
      unpipe "1.0.0"
  
  raw-body@2.4.0:
    version "2.4.0"
    resolved "http://rea-sonatype-nexus.services.delivery.realestate.com.au/nexus/repository/rea-npm-all/raw-body/-/raw-body-2.4.0.tgz#a1ce6fb9c9bc356ca52e89256ab59059e13d0332"
    integrity sha512-4Oz8DUIwdvoa5qMJelxipzi/iJIi40O5cGV1wNYp5hvZP8ZN0T+jiNkL0QepXs+EsQ9XJ8ipEDoiH70ySUJP3Q==
    dependencies:
      bytes "3.1.0"
      http-errors "1.7.2"
      iconv-lite "0.4.24"
      unpipe "1.0.0"
  
  regenerator-runtime@^0.11.0:
    version "0.11.1"
    resolved "http://rea-sonatype-nexus.services.delivery.realestate.com.au/nexus/repository/rea-npm-all/regenerator-runtime/-/regenerator-runtime-0.11.1.tgz#be05ad7f9bf7d22e056f9726cee5017fbf19e2e9"
    integrity sha512-MguG95oij0fC3QV3URf4V2SDYGJhJnJGqvIIgdECeODCT98wSWDAJ94SSuVpYQUoTcGUIL6L4yNB7j1DFFHSBg==
  
  repeat-string@^1.5.2:
    version "1.6.1"
    resolved "http://rea-sonatype-nexus.services.delivery.realestate.com.au/nexus/repository/rea-npm-all/repeat-string/-/repeat-string-1.6.1.tgz#8dcae470e1c88abc2d600fff4a776286da75e637"
    integrity sha1-jcrkcOHIirwtYA//Sndihtp15jc=
  
  resolve@^1.1.6:
    version "1.19.0"
    resolved "http://rea-sonatype-nexus.services.delivery.realestate.com.au/nexus/repository/rea-npm-all/resolve/-/resolve-1.19.0.tgz#1af5bf630409734a067cae29318aac7fa29a267c"
    integrity sha512-rArEXAgsBG4UgRGcynxWIWKFvh/XZCcS8UJdHhwy91zwAvCZIbcs+vAbflgBnNjYMs/i/i+/Ux6IZhML1yPvxg==
    dependencies:
      is-core-module "^2.1.0"
      path-parse "^1.0.6"
  
  retry@0.12.0:
    version "0.12.0"
    resolved "http://rea-sonatype-nexus.services.delivery.realestate.com.au/nexus/repository/rea-npm-all/retry/-/retry-0.12.0.tgz#1b42a6266a21f07421d1b0b54b7dc167b01c013b"
    integrity sha1-G0KmJmoh8HQh0bC1S33BZ7AcATs=
  
  right-align@^0.1.1:
    version "0.1.3"
    resolved "http://rea-sonatype-nexus.services.delivery.realestate.com.au/nexus/repository/rea-npm-all/right-align/-/right-align-0.1.3.tgz#61339b722fe6a3515689210d24e14c96148613ef"
    integrity sha1-YTObci/mo1FWiSENJOFMlhSGE+8=
    dependencies:
      align-text "^0.1.1"
  
  safe-buffer@5.1.2:
    version "5.1.2"
    resolved "http://rea-sonatype-nexus.services.delivery.realestate.com.au/nexus/repository/rea-npm-all/safe-buffer/-/safe-buffer-5.1.2.tgz#991ec69d296e0313747d59bdfd2b745c35f8828d"
    integrity sha512-Gd2UZBJDkXlY7GbJxfsE8/nvKkUEU1G38c1siN6QP6a9PT9MmHB8GnpscSmMJSoF8LOIrt8ud/wPtojys4G6+g==
  
  safe-buffer@^5.0.1:
    version "5.2.1"
    resolved "http://rea-sonatype-nexus.services.delivery.realestate.com.au/nexus/repository/rea-npm-all/safe-buffer/-/safe-buffer-5.2.1.tgz#1eaf9fa9bdb1fdd4ec75f58f9cdb4e6b7827eec6"
    integrity sha512-rp3So07KcdmmKbGvgaNxQSJr7bGVSVk5S9Eq1F+ppbRo70+YeaDxkw5Dd8NPN+GD6bjnYm2VuPuCXmpuYvmCXQ==
  
  "safer-buffer@>= 2.1.2 < 3":
    version "2.1.2"
    resolved "http://rea-sonatype-nexus.services.delivery.realestate.com.au/nexus/repository/rea-npm-all/safer-buffer/-/safer-buffer-2.1.2.tgz#44fa161b0187b9549dd84bb91802f9bd8385cd6a"
    integrity sha512-YZo3K82SD7Riyi0E1EQPojLz7kpepnSQI9IyPbHHg1XXXevb5dJI7tpyN2ADxGcQbHG7vcyRHk0cbwqcQriUtg==
  
  send@0.16.2:
    version "0.16.2"
    resolved "http://rea-sonatype-nexus.services.delivery.realestate.com.au/nexus/repository/rea-npm-all/send/-/send-0.16.2.tgz#6ecca1e0f8c156d141597559848df64730a6bbc1"
    integrity sha512-E64YFPUssFHEFBvpbbjr44NCLtI1AohxQ8ZSiJjQLskAdKuriYEP6VyGEsRDH8ScozGpkaX1BGvhanqCwkcEZw==
    dependencies:
      debug "2.6.9"
      depd "~1.1.2"
      destroy "~1.0.4"
      encodeurl "~1.0.2"
      escape-html "~1.0.3"
      etag "~1.8.1"
      fresh "0.5.2"
      http-errors "~1.6.2"
      mime "1.4.1"
      ms "2.0.0"
      on-finished "~2.3.0"
      range-parser "~1.2.0"
      statuses "~1.4.0"
  
  send@0.17.1:
    version "0.17.1"
    resolved "http://rea-sonatype-nexus.services.delivery.realestate.com.au/nexus/repository/rea-npm-all/send/-/send-0.17.1.tgz#c1d8b059f7900f7466dd4938bdc44e11ddb376c8"
    integrity sha512-BsVKsiGcQMFwT8UxypobUKyv7irCNRHk1T0G680vk88yf6LBByGcZJOTJCrTP2xVN6yI+XjPJcNuE3V4fT9sAg==
    dependencies:
      debug "2.6.9"
      depd "~1.1.2"
      destroy "~1.0.4"
      encodeurl "~1.0.2"
      escape-html "~1.0.3"
      etag "~1.8.1"
      fresh "0.5.2"
      http-errors "~1.7.2"
      mime "1.6.0"
      ms "2.1.1"
      on-finished "~2.3.0"
      range-parser "~1.2.1"
      statuses "~1.5.0"
  
  serve-static@1.13.2:
    version "1.13.2"
    resolved "http://rea-sonatype-nexus.services.delivery.realestate.com.au/nexus/repository/rea-npm-all/serve-static/-/serve-static-1.13.2.tgz#095e8472fd5b46237db50ce486a43f4b86c6cec1"
    integrity sha512-p/tdJrO4U387R9oMjb1oj7qSMaMfmOyd4j9hOFoxZe2baQszgHcSWjuya/CiT5kgZZKRudHNOA0pYXOl8rQ5nw==
    dependencies:
      encodeurl "~1.0.2"
      escape-html "~1.0.3"
      parseurl "~1.3.2"
      send "0.16.2"
  
  serve-static@1.14.1:
    version "1.14.1"
    resolved "http://rea-sonatype-nexus.services.delivery.realestate.com.au/nexus/repository/rea-npm-all/serve-static/-/serve-static-1.14.1.tgz#666e636dc4f010f7ef29970a88a674320898b2f9"
    integrity sha512-JMrvUwE54emCYWlTI+hGrGv5I8dEwmco/00EvkzIIsR7MqrHonbD9pO2MOfFnpFntl7ecpZs+3mW+XbQZu9QCg==
    dependencies:
      encodeurl "~1.0.2"
      escape-html "~1.0.3"
      parseurl "~1.3.3"
      send "0.17.1"
  
  setprototypeof@1.1.0:
    version "1.1.0"
    resolved "http://rea-sonatype-nexus.services.delivery.realestate.com.au/nexus/repository/rea-npm-all/setprototypeof/-/setprototypeof-1.1.0.tgz#d0bd85536887b6fe7c0d818cb962d9d91c54e656"
    integrity sha512-BvE/TwpZX4FXExxOxZyRGQQv651MSwmWKZGqvmPcRIjDqWub67kTKuIMx43cZZrS/cBBzwBcNDWoFxt2XEFIpQ==
  
  setprototypeof@1.1.1:
    version "1.1.1"
    resolved "http://rea-sonatype-nexus.services.delivery.realestate.com.au/nexus/repository/rea-npm-all/setprototypeof/-/setprototypeof-1.1.1.tgz#7e95acb24aa92f5885e0abef5ba131330d4ae683"
    integrity sha512-JvdAWfbXeIGaZ9cILp38HntZSFSo3mWg6xGcJJsd+d4aRMOqauag1C63dJfDw7OaMYwEbHMOxEZ1lqVRYP2OAw==
  
  setprototypeof@1.2.0:
    version "1.2.0"
    resolved "http://rea-sonatype-nexus.services.delivery.realestate.com.au/nexus/repository/rea-npm-all/setprototypeof/-/setprototypeof-1.2.0.tgz#66c9a24a73f9fc28cbe66b09fed3d33dcaf1b424"
    integrity sha512-E5LDX7Wrp85Kil5bhZv46j8jOeboKq5JMmYM3gVGdGH8xFpPWXUMsNrlODCrkoxMEeNi/XZIwuRvY4XNwYMJpw==
  
  sha.js@^2.4.11:
    version "2.4.11"
    resolved "http://rea-sonatype-nexus.services.delivery.realestate.com.au/nexus/repository/rea-npm-all/sha.js/-/sha.js-2.4.11.tgz#37a5cf0b81ecbc6943de109ba2960d1b26584ae7"
    integrity sha512-QMEp5B7cftE7APOjk5Y6xgrbWu+WkLVQwk8JNjZ8nKRciZaByEW6MubieAiToS7+dwvrjGhH8jRXz3MVd0AYqQ==
    dependencies:
      inherits "^2.0.1"
      safe-buffer "^5.0.1"
  
  source-map@0.4.x:
    version "0.4.4"
    resolved "http://rea-sonatype-nexus.services.delivery.realestate.com.au/nexus/repository/rea-npm-all/source-map/-/source-map-0.4.4.tgz#eba4f5da9c0dc999de68032d8b4f76173652036b"
    integrity sha1-66T12pwNyZneaAMti092FzZSA2s=
    dependencies:
      amdefine ">=0.0.4"
  
  source-map@~0.5.1:
    version "0.5.7"
    resolved "http://rea-sonatype-nexus.services.delivery.realestate.com.au/nexus/repository/rea-npm-all/source-map/-/source-map-0.5.7.tgz#8a039d2d1021d22d1ea14c80d8ea468ba2ef3fcc"
    integrity sha1-igOdLRAh0i0eoUyA2OpGi6LvP8w=
  
  "statuses@>= 1.4.0 < 2", "statuses@>= 1.5.0 < 2", statuses@~1.5.0:
    version "1.5.0"
    resolved "http://rea-sonatype-nexus.services.delivery.realestate.com.au/nexus/repository/rea-npm-all/statuses/-/statuses-1.5.0.tgz#161c7dac177659fd9811f43771fa99381478628c"
    integrity sha1-Fhx9rBd2Wf2YEfQ3cfqZOBR4Yow=
  
  statuses@~1.4.0:
    version "1.4.0"
    resolved "http://rea-sonatype-nexus.services.delivery.realestate.com.au/nexus/repository/rea-npm-all/statuses/-/statuses-1.4.0.tgz#bb73d446da2796106efcc1b601a253d6c46bd087"
    integrity sha512-zhSCtt8v2NDrRlPQpCNtw/heZLtfUDqxBM1udqikb/Hbk52LK4nQSwr10u77iopCW5LsyHpuXS0GnEc48mLeew==
  
  streamsearch@0.1.2:
    version "0.1.2"
    resolved "http://rea-sonatype-nexus.services.delivery.realestate.com.au/nexus/repository/rea-npm-all/streamsearch/-/streamsearch-0.1.2.tgz#808b9d0e56fc273d809ba57338e929919a1a9f1a"
    integrity sha1-gIudDlb8Jz2Am6VzOOkpkZoanxo=
  
  string.prototype.trimend@^1.0.3:
    version "1.0.3"
    resolved "http://rea-sonatype-nexus.services.delivery.realestate.com.au/nexus/repository/rea-npm-all/string.prototype.trimend/-/string.prototype.trimend-1.0.3.tgz#a22bd53cca5c7cf44d7c9d5c732118873d6cd18b"
    integrity sha512-ayH0pB+uf0U28CtjlLvL7NaohvR1amUvVZk+y3DYb0Ey2PUV5zPkkKy9+U1ndVEIXO8hNg18eIv9Jntbii+dKw==
    dependencies:
      call-bind "^1.0.0"
      define-properties "^1.1.3"
  
  string.prototype.trimstart@^1.0.3:
    version "1.0.3"
    resolved "http://rea-sonatype-nexus.services.delivery.realestate.com.au/nexus/repository/rea-npm-all/string.prototype.trimstart/-/string.prototype.trimstart-1.0.3.tgz#9b4cb590e123bb36564401d59824298de50fd5aa"
    integrity sha512-oBIBUy5lea5tt0ovtOFiEQaBkoBBkyJhZXzJYrSmDo5IUUqbOPvVezuRs/agBIdZ2p2Eo1FD6bD9USyBLfl3xg==
    dependencies:
      call-bind "^1.0.0"
      define-properties "^1.1.3"
  
  subscriptions-transport-ws@^0.9.11, subscriptions-transport-ws@^0.9.16:
    version "0.9.18"
    resolved "http://rea-sonatype-nexus.services.delivery.realestate.com.au/nexus/repository/rea-npm-all/subscriptions-transport-ws/-/subscriptions-transport-ws-0.9.18.tgz#bcf02320c911fbadb054f7f928e51c6041a37b97"
    integrity sha512-tztzcBTNoEbuErsVQpTN2xUNN/efAZXyCyL5m3x4t6SKrEiTL2N8SaKWBFWM4u56pL79ULif3zjyeq+oV+nOaA==
    dependencies:
      backo2 "^1.0.2"
      eventemitter3 "^3.1.0"
      iterall "^1.2.1"
      symbol-observable "^1.0.4"
      ws "^5.2.0"
  
  symbol-observable@^1.0.4:
    version "1.2.0"
    resolved "http://rea-sonatype-nexus.services.delivery.realestate.com.au/nexus/repository/rea-npm-all/symbol-observable/-/symbol-observable-1.2.0.tgz#c22688aed4eab3cdc2dfeacbb561660560a00804"
    integrity sha512-e900nM8RRtGhlV36KGEU9k65K3mPb1WV70OdjfxlG2EAuM1noi/E/BaW/uMhL7bPEssK8QV57vN3esixjUvcXQ==
  
  to-fast-properties@^1.0.3:
    version "1.0.3"
    resolved "http://rea-sonatype-nexus.services.delivery.realestate.com.au/nexus/repository/rea-npm-all/to-fast-properties/-/to-fast-properties-1.0.3.tgz#b83571fa4d8c25b82e231b06e3a3055de4ca1a47"
    integrity sha1-uDVx+k2MJbguIxsG46MFXeTKGkc=
  
  toidentifier@1.0.0:
    version "1.0.0"
    resolved "http://rea-sonatype-nexus.services.delivery.realestate.com.au/nexus/repository/rea-npm-all/toidentifier/-/toidentifier-1.0.0.tgz#7e1be3470f1e77948bc43d94a3c8f4d7752ba553"
    integrity sha512-yaOH/Pk/VEhBWWTlhI+qXxDFXlejDGcQipMlyxda9nthulaxLZUNcUqFxokp0vcYnvteJln5FNQDRrxj3YcbVw==
  
  token-stream@0.0.1:
    version "0.0.1"
    resolved "http://rea-sonatype-nexus.services.delivery.realestate.com.au/nexus/repository/rea-npm-all/token-stream/-/token-stream-0.0.1.tgz#ceeefc717a76c4316f126d0b9dbaa55d7e7df01a"
    integrity sha1-zu78cXp2xDFvEm0LnbqlXX598Bo=
  
  ts-invariant@^0.4.0:
    version "0.4.4"
    resolved "http://rea-sonatype-nexus.services.delivery.realestate.com.au/nexus/repository/rea-npm-all/ts-invariant/-/ts-invariant-0.4.4.tgz#97a523518688f93aafad01b0e80eb803eb2abd86"
    integrity sha512-uEtWkFM/sdZvRNNDL3Ehu4WVpwaulhwQszV8mrtcdeE8nN00BV9mAmQ88RkrBhFgl9gMgvjJLAQcZbnPXI9mlA==
    dependencies:
      tslib "^1.9.3"
  
  tslib@^1.10.0, tslib@^1.9.3:
    version "1.14.1"
    resolved "http://rea-sonatype-nexus.services.delivery.realestate.com.au/nexus/repository/rea-npm-all/tslib/-/tslib-1.14.1.tgz#cf2d38bdc34a134bcaf1091c41f6619e2f672d00"
    integrity sha512-Xni35NKzjgMrwevysHTCArtLDpPvye8zV/0E4EyYn43P7/7qvQwPh9BGkHewbMulVntbigmcT7rdX3BNo9wRJg==
  
  type-is@^1.6.16, type-is@~1.6.16, type-is@~1.6.17, type-is@~1.6.18:
    version "1.6.18"
    resolved "http://rea-sonatype-nexus.services.delivery.realestate.com.au/nexus/repository/rea-npm-all/type-is/-/type-is-1.6.18.tgz#4e552cd05df09467dcbc4ef739de89f2cf37c131"
    integrity sha512-TkRKr9sUTxEH8MdfuCSP7VizJyzRNMjj2J2do2Jr3Kym598JVdEksuzPQCnlFPW4ky9Q+iA+ma9BGm06XQBy8g==
    dependencies:
      media-typer "0.3.0"
      mime-types "~2.1.24"
  
  uglify-js@^2.6.1:
    version "2.8.29"
    resolved "http://rea-sonatype-nexus.services.delivery.realestate.com.au/nexus/repository/rea-npm-all/uglify-js/-/uglify-js-2.8.29.tgz#29c5733148057bb4e1f75df35b7a9cb72e6a59dd"
    integrity sha1-KcVzMUgFe7Th913zW3qcty5qWd0=
    dependencies:
      source-map "~0.5.1"
      yargs "~3.10.0"
    optionalDependencies:
      uglify-to-browserify "~1.0.0"
  
  uglify-to-browserify@~1.0.0:
    version "1.0.2"
    resolved "http://rea-sonatype-nexus.services.delivery.realestate.com.au/nexus/repository/rea-npm-all/uglify-to-browserify/-/uglify-to-browserify-1.0.2.tgz#6e0924d6bda6b5afe349e39a6d632850a0f882b7"
    integrity sha1-bgkk1r2mta/jSeOabWMoUKD4grc=
  
  unpipe@1.0.0, unpipe@~1.0.0:
    version "1.0.0"
    resolved "http://rea-sonatype-nexus.services.delivery.realestate.com.au/nexus/repository/rea-npm-all/unpipe/-/unpipe-1.0.0.tgz#b2bf4ee8514aae6165b4817829d21b2ef49904ec"
    integrity sha1-sr9O6FFKrmFltIF4KdIbLvSZBOw=
  
  util.promisify@^1.0.0:
    version "1.1.1"
    resolved "http://rea-sonatype-nexus.services.delivery.realestate.com.au/nexus/repository/rea-npm-all/util.promisify/-/util.promisify-1.1.1.tgz#77832f57ced2c9478174149cae9b96e9918cd54b"
    integrity sha512-/s3UsZUrIfa6xDhr7zZhnE9SLQ5RIXyYfiVnMMyMDzOc8WhWN4Nbh36H842OyurKbCDAesZOJaVyvmSl6fhGQw==
    dependencies:
      call-bind "^1.0.0"
      define-properties "^1.1.3"
      for-each "^0.3.3"
      has-symbols "^1.0.1"
      object.getownpropertydescriptors "^2.1.1"
  
  utils-merge@1.0.1:
    version "1.0.1"
    resolved "http://rea-sonatype-nexus.services.delivery.realestate.com.au/nexus/repository/rea-npm-all/utils-merge/-/utils-merge-1.0.1.tgz#9f95710f50a267947b2ccc124741c1028427e713"
    integrity sha1-n5VxD1CiZ5R7LMwSR0HBAoQn5xM=
  
  uuid@^3.1.0:
    version "3.4.0"
    resolved "http://rea-sonatype-nexus.services.delivery.realestate.com.au/nexus/repository/rea-npm-all/uuid/-/uuid-3.4.0.tgz#b23e4358afa8a202fe7a100af1f5f883f02007ee"
    integrity sha512-HjSDRw6gZE5JMggctHBcjVak08+KEVhSIiDzFnT9S9aegmp85S/bReBVTb4QTFaRNptJ9kuYaNhnbNEOkbKb/A==
  
  uuid@^8.0.0:
    version "8.3.2"
    resolved "http://rea-sonatype-nexus.services.delivery.realestate.com.au/nexus/repository/rea-npm-all/uuid/-/uuid-8.3.2.tgz#80d5b5ced271bb9af6c445f21a1a04c606cefbe2"
    integrity sha512-+NYs2QeMWy+GWFOEm9xnn6HCDp0l7QBD7ml8zLUmJ+93Q5NF0NocErnwkTkXVFNiX3/fpC6afS8Dhb/gz7R7eg==
  
  vary@^1, vary@~1.1.2:
    version "1.1.2"
    resolved "http://rea-sonatype-nexus.services.delivery.realestate.com.au/nexus/repository/rea-npm-all/vary/-/vary-1.1.2.tgz#2299f02c6ded30d4a5961b0b9f74524a18f634fc"
    integrity sha1-IpnwLG3tMNSllhsLn3RSShj2NPw=
  
  void-elements@^2.0.1:
    version "2.0.1"
    resolved "http://rea-sonatype-nexus.services.delivery.realestate.com.au/nexus/repository/rea-npm-all/void-elements/-/void-elements-2.0.1.tgz#c066afb582bb1cb4128d60ea92392e94d5e9dbec"
    integrity sha1-wGavtYK7HLQSjWDqkjkulNXp2+w=
  
  window-size@0.1.0:
    version "0.1.0"
    resolved "http://rea-sonatype-nexus.services.delivery.realestate.com.au/nexus/repository/rea-npm-all/window-size/-/window-size-0.1.0.tgz#5438cd2ea93b202efa3a19fe8887aee7c94f9c9d"
    integrity sha1-VDjNLqk7IC76Ohn+iIeu58lPnJ0=
  
  with@^5.0.0:
    version "5.1.1"
    resolved "http://rea-sonatype-nexus.services.delivery.realestate.com.au/nexus/repository/rea-npm-all/with/-/with-5.1.1.tgz#fa4daa92daf32c4ea94ed453c81f04686b575dfe"
    integrity sha1-+k2qktrzLE6pTtRTyB8EaGtXXf4=
    dependencies:
      acorn "^3.1.0"
      acorn-globals "^3.0.0"
  
  wordwrap@0.0.2:
    version "0.0.2"
    resolved "http://rea-sonatype-nexus.services.delivery.realestate.com.au/nexus/repository/rea-npm-all/wordwrap/-/wordwrap-0.0.2.tgz#b79669bb42ecb409f83d583cad52ca17eaa1643f"
    integrity sha1-t5Zpu0LstAn4PVg8rVLKF+qhZD8=
  
  ws@^5.2.0:
    version "5.2.2"
    resolved "http://rea-sonatype-nexus.services.delivery.realestate.com.au/nexus/repository/rea-npm-all/ws/-/ws-5.2.2.tgz#dffef14866b8e8dc9133582514d1befaf96e980f"
    integrity sha512-jaHFD6PFv6UgoIVda6qZllptQsMlDEJkTQcybzzXDYM1XO9Y8em691FGMPmM46WGyLU4z9KMgQN+qrux/nhlHA==
    dependencies:
      async-limiter "~1.0.0"
  
  ws@^6.0.0:
    version "6.2.1"
    resolved "http://rea-sonatype-nexus.services.delivery.realestate.com.au/nexus/repository/rea-npm-all/ws/-/ws-6.2.1.tgz#442fdf0a47ed64f59b6a5d8ff130f4748ed524fb"
    integrity sha512-GIyAXC2cB7LjvpgMt9EKS2ldqr0MTrORaleiOno6TweZ6r3TKtoFQWay/2PceJ3RuBasOHzXNn5Lrw1X0bEjqA==
    dependencies:
      async-limiter "~1.0.0"
  
  xss@^1.0.6:
    version "1.0.8"
    resolved "http://rea-sonatype-nexus.services.delivery.realestate.com.au/nexus/repository/rea-npm-all/xss/-/xss-1.0.8.tgz#32feb87feb74b3dcd3d404b7a68ababf10700535"
    integrity sha512-3MgPdaXV8rfQ/pNn16Eio6VXYPTkqwa0vc7GkiymmY/DqR1SE/7VPAAVZz1GJsJFrllMYO3RHfEaiUGjab6TNw==
    dependencies:
      commander "^2.20.3"
      cssfilter "0.0.10"
  
  yallist@^4.0.0:
    version "4.0.0"
    resolved "http://rea-sonatype-nexus.services.delivery.realestate.com.au/nexus/repository/rea-npm-all/yallist/-/yallist-4.0.0.tgz#9bb92790d9c0effec63be73519e11a35019a3a72"
    integrity sha512-3wdGidZyq5PB084XLES5TpOSRA3wjXAlIWMhum2kRcv/41Sn2emQ0dycQW4uZXLejwKvg6EsvbdlVL+FYEct7A==
  
  yargs@~3.10.0:
    version "3.10.0"
    resolved "http://rea-sonatype-nexus.services.delivery.realestate.com.au/nexus/repository/rea-npm-all/yargs/-/yargs-3.10.0.tgz#f7ee7bd857dd7c1d2d38c0e74efbd681d1431fd1"
    integrity sha1-9+572FfdfB0tOMDnTvvWgdFDH9E=
    dependencies:
      camelcase "^1.0.2"
      cliui "^2.1.0"
      decamelize "^1.0.0"
      window-size "0.1.0"
  
  zen-observable-ts@^0.8.21:
    version "0.8.21"
    resolved "http://rea-sonatype-nexus.services.delivery.realestate.com.au/nexus/repository/rea-npm-all/zen-observable-ts/-/zen-observable-ts-0.8.21.tgz#85d0031fbbde1eba3cd07d3ba90da241215f421d"
    integrity sha512-Yj3yXweRc8LdRMrCC8nIc4kkjWecPAUVh0TI0OUrWXx6aX790vLcDlWca6I4vsyCGH3LpWxq0dJRcMOFoVqmeg==
    dependencies:
      tslib "^1.9.3"
      zen-observable "^0.8.0"
  
  zen-observable@^0.8.0:
    version "0.8.15"
    resolved "http://rea-sonatype-nexus.services.delivery.realestate.com.au/nexus/repository/rea-npm-all/zen-observable/-/zen-observable-0.8.15.tgz#96415c512d8e3ffd920afd3889604e30b9eaac15"
    integrity sha512-PQ2PC7R9rslx84ndNBZB/Dkv8V8fZEpk83RLgXtYd0fwUgEjseMn1Dgajh2x6S8QbZAFa9p2qVCEuYZNgve0dQ==
